This is XeTeX, Version 3.14159265-2.6-0.99996 (TeX Live 2016) (preloaded format=xelatex 2017.2.15)  4 APR 2017 17:10
entering extended mode
 restricted \write18 enabled.
 %&-line parsing enabled.
**Rprogramming.tex
(./Rprogramming.tex
LaTeX2e <2017/01/01> patch level 1
Babel <3.9r> and hyphenation patterns for 83 language(s) loaded.
(./krantz.cls
Document Class: krantz 2005/09/16 v1.4f Standard LaTeX document class
(/usr/local/texlive/2016/texmf-dist/tex/latex/base/bk11.clo
File: bk11.clo 2014/09/29 v1.4h Standard LaTeX file (size option)
)
\trimheight=\dimen102
\trimwidth=\dimen103
\normaltextheight=\dimen104
\tempa=\dimen105
\tempdimen=\dimen106
\htrim=\dimen107
\vtrimtop=\dimen108
\vtrimbot=\dimen109
\ul@box=\box26
\ur@box=\box27
\ll@box=\box28
\lr@box=\box29
\@cipboxa=\box30
\@cipboxb=\box31
\@ciprulewidth=\dimen110
\c@part=\count79
\c@chapter=\count80
\c@section=\count81
\c@subsection=\count82
\c@subsubsection=\count83
\c@paragraph=\count84
\c@subparagraph=\count85
\secwd=\dimen111
\subsecwd=\dimen112
\subsubsecwd=\dimen113
\c@figure=\count86
\c@table=\count87
\abovecaptionskip=\skip41
\belowcaptionskip=\skip42
\c@numauthors=\count88
\section@toc@skip=\skip43
\SectionTOCWidth=\skip44
\subsection@toc@skip=\skip45
\SubSectionTOCWidth=\skip46
\subsubsection@toc@skip=\skip47
\SubSubSectionTOCWidth=\skip48
\paragraph@toc@skip=\skip49
\ParagraphTOCWidth=\skip50
\subparagraph@toc@skip=\skip51
\@AUonebox=\box32
\@AUtwobox=\box33
\@AUthreebox=\box34
\@AUfourbox=\box35
\@AUaffonebox=\box36
\@AUafftwobox=\box37
\@AUaffthreebox=\box38
\@AUafffourbox=\box39
\@finalAUboxfromone=\box40
\@finalAUboxfromtwo=\box41
\@finalAUboxfromthree=\box42
\@finalAUboxfromfour=\box43
\c@chaptocdepth=\count89
\bibindent=\dimen114
\tempbox=\box44
\nomenwidth=\dimen115
\@tablebox=\box45
\@tabletitlebox=\box46
\@tablewidth=\dimen116
\@tabletitlewidth=\dimen117
\max@tablewidth=\dimen118
\tempbox=\box47
\tempdimen=\dimen119
\tempbox=\box48
\notewidth=\dimen120
\wherebox=\box49
\wherewidth=\dimen121
\listtextleftmargin=\skip52
\listtextleftmarginii=\skip53
\listtextleftmarginiii=\skip54
\listtextrightmargin=\skip55
\listlabelleftskip=\skip56
\listlabelleftskipii=\skip57
\listlabelleftskipiii=\skip58
\abovelistskipi=\skip59
\belowlistskipi=\skip60
\abovelistskipii=\skip61
\belowlistskipii=\skip62
\abovelistskipiii=\skip63
\belowlistskipiii=\skip64
\labelsepi=\skip65
\labelsepii=\skip66
\labelsepiii=\skip67
\itemsepi=\skip68
\itemsepii=\skip69
\itemsepiii=\skip70
\enumdimwd=\dimen122
\enumdim=\dimen123
\concolwidth=\dimen124
\stempbox=\box50
) (/usr/local/texlive/2016/texmf-dist/tex/latex/lm/lmodern.sty
Package: lmodern 2009/10/30 v1.6 Latin Modern Fonts
LaTeX Font Info:    Overwriting symbol font `operators' in version `normal'
(Font)                  OT1/cmr/m/n --> OT1/lmr/m/n on input line 22.
LaTeX Font Info:    Overwriting symbol font `letters' in version `normal'
(Font)                  OML/cmm/m/it --> OML/lmm/m/it on input line 23.
LaTeX Font Info:    Overwriting symbol font `symbols' in version `normal'
(Font)                  OMS/cmsy/m/n --> OMS/lmsy/m/n on input line 24.
LaTeX Font Info:    Overwriting symbol font `largesymbols' in version `normal'
(Font)                  OMX/cmex/m/n --> OMX/lmex/m/n on input line 25.
LaTeX Font Info:    Overwriting symbol font `operators' in version `bold'
(Font)                  OT1/cmr/bx/n --> OT1/lmr/bx/n on input line 26.
LaTeX Font Info:    Overwriting symbol font `letters' in version `bold'
(Font)                  OML/cmm/b/it --> OML/lmm/b/it on input line 27.
LaTeX Font Info:    Overwriting symbol font `symbols' in version `bold'
(Font)                  OMS/cmsy/b/n --> OMS/lmsy/b/n on input line 28.
LaTeX Font Info:    Overwriting symbol font `largesymbols' in version `bold'
(Font)                  OMX/cmex/m/n --> OMX/lmex/m/n on input line 29.
LaTeX Font Info:    Overwriting math alphabet `\mathbf' in version `normal'
(Font)                  OT1/cmr/bx/n --> OT1/lmr/bx/n on input line 31.
LaTeX Font Info:    Overwriting math alphabet `\mathsf' in version `normal'
(Font)                  OT1/cmss/m/n --> OT1/lmss/m/n on input line 32.
LaTeX Font Info:    Overwriting math alphabet `\mathit' in version `normal'
(Font)                  OT1/cmr/m/it --> OT1/lmr/m/it on input line 33.
LaTeX Font Info:    Overwriting math alphabet `\mathtt' in version `normal'
(Font)                  OT1/cmtt/m/n --> OT1/lmtt/m/n on input line 34.
LaTeX Font Info:    Overwriting math alphabet `\mathbf' in version `bold'
(Font)                  OT1/cmr/bx/n --> OT1/lmr/bx/n on input line 35.
LaTeX Font Info:    Overwriting math alphabet `\mathsf' in version `bold'
(Font)                  OT1/cmss/bx/n --> OT1/lmss/bx/n on input line 36.
LaTeX Font Info:    Overwriting math alphabet `\mathit' in version `bold'
(Font)                  OT1/cmr/bx/it --> OT1/lmr/bx/it on input line 37.
LaTeX Font Info:    Overwriting math alphabet `\mathtt' in version `bold'
(Font)                  OT1/cmtt/m/n --> OT1/lmtt/m/n on input line 38.
) (/usr/local/texlive/2016/texmf-dist/tex/latex/amsfonts/amssymb.sty
Package: amssymb 2013/01/14 v3.01 AMS font symbols
(/usr/local/texlive/2016/texmf-dist/tex/latex/amsfonts/amsfonts.sty
Package: amsfonts 2013/01/14 v3.01 Basic AMSFonts support
\@emptytoks=\toks14
\symAMSa=\mathgroup4
\symAMSb=\mathgroup5
LaTeX Font Info:    Overwriting math alphabet `\mathfrak' in version `bold'
(Font)                  U/euf/m/n --> U/euf/b/n on input line 106.
)) (/usr/local/texlive/2016/texmf-dist/tex/latex/amsmath/amsmath.sty
Package: amsmath 2016/11/05 v2.16a AMS math features
\@mathmargin=\skip71
For additional information on amsmath, use the `?' option.
(/usr/local/texlive/2016/texmf-dist/tex/latex/amsmath/amstext.sty
Package: amstext 2000/06/29 v2.01 AMS text
(/usr/local/texlive/2016/texmf-dist/tex/latex/amsmath/amsgen.sty
File: amsgen.sty 1999/11/30 v2.0 generic functions
\@emptytoks=\toks15
\ex@=\dimen125
)) (/usr/local/texlive/2016/texmf-dist/tex/latex/amsmath/amsbsy.sty
Package: amsbsy 1999/11/29 v1.2d Bold Symbols
\pmbraise@=\dimen126
) (/usr/local/texlive/2016/texmf-dist/tex/latex/amsmath/amsopn.sty
Package: amsopn 2016/03/08 v2.02 operator names
)
\inf@bad=\count90
LaTeX Info: Redefining \frac on input line 213.
\uproot@=\count91
\leftroot@=\count92
LaTeX Info: Redefining \overline on input line 375.
\classnum@=\count93
\DOTSCASE@=\count94
LaTeX Info: Redefining \ldots on input line 472.
LaTeX Info: Redefining \dots on input line 475.
LaTeX Info: Redefining \cdots on input line 596.
\Mathstrutbox@=\box51
\strutbox@=\box52
\big@size=\dimen127
LaTeX Font Info:    Redeclaring font encoding OML on input line 712.
LaTeX Font Info:    Redeclaring font encoding OMS on input line 713.
\macc@depth=\count95
\c@MaxMatrixCols=\count96
\dotsspace@=\muskip10
\c@parentequation=\count97
\dspbrk@lvl=\count98
\tag@help=\toks16
\row@=\count99
\column@=\count100
\maxfields@=\count101
\andhelp@=\toks17
\eqnshift@=\dimen128
\alignsep@=\dimen129
\tagshift@=\dimen130
\tagwidth@=\dimen131
\totwidth@=\dimen132
\lineht@=\dimen133
\@envbody=\toks18
\multlinegap=\skip72
\multlinetaggap=\skip73
\mathdisplay@stack=\toks19
LaTeX Info: Redefining \[ on input line 2817.
LaTeX Info: Redefining \] on input line 2818.
) (/usr/local/texlive/2016/texmf-dist/tex/generic/ifxetex/ifxetex.sty
Package: ifxetex 2010/09/12 v0.6 Provides ifxetex conditional
) (/usr/local/texlive/2016/texmf-dist/tex/generic/oberdiek/ifluatex.sty
Package: ifluatex 2016/05/16 v1.4 Provides the ifluatex switch (HO)
Package ifluatex Info: LuaTeX not detected.
) (/usr/local/texlive/2016/texmf-dist/tex/latex/base/fixltx2e.sty
Package: fixltx2e 2016/12/29 v2.1a fixes to LaTeX (obsolete)
Applying: [2015/01/01] Old fixltx2e package on input line 46.

Package fixltx2e Warning: fixltx2e is not required with releases after 2015
(fixltx2e)                All fixes are now in the LaTeX kernel.
(fixltx2e)                See the latexrelease package for details.

Already applied: [0000/00/00] Old fixltx2e package on input line 53.
) (/usr/local/texlive/2016/texmf-dist/tex/xelatex/mathspec/mathspec.sty
Package: mathspec 2016/12/22 v0.2b LaTeX Package (Mathematics font selection fo
r XeLaTeX)
(/usr/local/texlive/2016/texmf-dist/tex/latex/etoolbox/etoolbox.sty
Package: etoolbox 2017/01/02 v2.4 e-TeX tools for LaTeX (JAW)
\etb@tempcnta=\count102
) (/usr/local/texlive/2016/texmf-dist/tex/latex/fontspec/fontspec.sty (/usr/loc
al/texlive/2016/texmf-dist/tex/latex/l3kernel/expl3.sty
Package: expl3 2017/02/10 v6878 L3 programming layer (loader) 
(/usr/local/texlive/2016/texmf-dist/tex/latex/l3kernel/expl3-code.tex
Package: expl3 2017/02/10 v6878 L3 programming layer (code)
L3 Module: l3bootstrap 2016/12/28 v6805 L3 Bootstrap code
L3 Module: l3names 2016/12/28 v6805 L3 Namespace for primitives
L3 Module: l3basics 2016/12/28 v6805 L3 Basic definitions
L3 Module: l3expan 2016/12/28 v6805 L3 Argument expansion
L3 Module: l3tl 2017/02/06 v6842 L3 Token lists
L3 Module: l3str 2017/01/01 v6809 L3 Strings
L3 Module: l3seq 2017/02/06 v6842 L3 Sequences and stacks
L3 Module: l3int 2016/12/28 v6805 L3 Integers
\c_max_int=\count103
\l_tmpa_int=\count104
\l_tmpb_int=\count105
\g_tmpa_int=\count106
\g_tmpb_int=\count107
L3 Module: l3quark 2016/12/28 v6805 L3 Quarks
L3 Module: l3prg 2017/01/01 v6811 L3 Control structures
\g__prg_map_int=\count108
L3 Module: l3clist 2017/02/06 v6842 L3 Comma separated lists
L3 Module: l3token 2016/12/28 v6805 L3 Experimental token manipulation
L3 Module: l3prop 2016/12/28 v6805 L3 Property lists
L3 Module: l3msg 2016/12/28 v6805 L3 Messages
L3 Module: l3file 2016/12/28 v6805 L3 File and I/O operations
\l_iow_line_count_int=\count109
\l__iow_target_count_int=\count110
\l__iow_current_line_int=\count111
\l__iow_current_word_int=\count112
\l__iow_current_indentation_int=\count113
L3 Module: l3skip 2017/01/01 v6809 L3 Dimensions and skips
\c_zero_dim=\dimen134
\c_max_dim=\dimen135
\l_tmpa_dim=\dimen136
\l_tmpb_dim=\dimen137
\g_tmpa_dim=\dimen138
\g_tmpb_dim=\dimen139
\c_zero_skip=\skip74
\c_max_skip=\skip75
\l_tmpa_skip=\skip76
\l_tmpb_skip=\skip77
\g_tmpa_skip=\skip78
\g_tmpb_skip=\skip79
\c_zero_muskip=\muskip11
\c_max_muskip=\muskip12
\l_tmpa_muskip=\muskip13
\l_tmpb_muskip=\muskip14
\g_tmpa_muskip=\muskip15
\g_tmpb_muskip=\muskip16
L3 Module: l3keys 2017/01/01 v6811 L3 Key-value interfaces
\l_keys_choice_int=\count114
L3 Module: l3fp 2016/12/28 v6805 L3 Floating points
\c__fp_leading_shift_int=\count115
\c__fp_middle_shift_int=\count116
\c__fp_trailing_shift_int=\count117
\c__fp_big_leading_shift_int=\count118
\c__fp_big_middle_shift_int=\count119
\c__fp_big_trailing_shift_int=\count120
\c__fp_Bigg_leading_shift_int=\count121
\c__fp_Bigg_middle_shift_int=\count122
\c__fp_Bigg_trailing_shift_int=\count123
L3 Module: l3sort 2017/02/07 v6847 L3 Sorting functions
\l__sort_length_int=\count124
\l__sort_min_int=\count125
\l__sort_top_int=\count126
\l__sort_max_int=\count127
\l__sort_true_max_int=\count128
\l__sort_block_int=\count129
\l__sort_begin_int=\count130
\l__sort_end_int=\count131
\l__sort_A_int=\count132
\l__sort_B_int=\count133
\l__sort_C_int=\count134
L3 Module: l3box 2016/12/28 v6805 L3 Experimental boxes
\c_empty_box=\box53
\l_tmpa_box=\box54
\l_tmpb_box=\box55
\g_tmpa_box=\box56
\g_tmpb_box=\box57
L3 Module: l3coffins 2016/12/28 v6805 L3 Coffin code layer
\l__coffin_internal_box=\box58
\l__coffin_internal_dim=\dimen140
\l__coffin_offset_x_dim=\dimen141
\l__coffin_offset_y_dim=\dimen142
\l__coffin_x_dim=\dimen143
\l__coffin_y_dim=\dimen144
\l__coffin_x_prime_dim=\dimen145
\l__coffin_y_prime_dim=\dimen146
\c_empty_coffin=\box59
\l__coffin_aligned_coffin=\box60
\l__coffin_aligned_internal_coffin=\box61
\l_tmpa_coffin=\box62
\l_tmpb_coffin=\box63
\l__coffin_display_coffin=\box64
\l__coffin_display_coord_coffin=\box65
\l__coffin_display_pole_coffin=\box66
\l__coffin_display_offset_dim=\dimen147
\l__coffin_display_x_dim=\dimen148
\l__coffin_display_y_dim=\dimen149
L3 Module: l3color 2016/12/28 v6805 L3 Experimental color support
L3 Module: l3sys 2017/01/01 v6811 L3 Experimental system/runtime functions
L3 Module: l3candidates 2017/01/30 v6835 L3 Experimental additions to l3kernel
\l__box_top_dim=\dimen150
\l__box_bottom_dim=\dimen151
\l__box_left_dim=\dimen152
\l__box_right_dim=\dimen153
\l__box_top_new_dim=\dimen154
\l__box_bottom_new_dim=\dimen155
\l__box_left_new_dim=\dimen156
\l__box_right_new_dim=\dimen157
\l__box_internal_box=\box67
\l__coffin_bounding_shift_dim=\dimen158
\l__coffin_left_corner_dim=\dimen159
\l__coffin_right_corner_dim=\dimen160
\l__coffin_bottom_corner_dim=\dimen161
\l__coffin_top_corner_dim=\dimen162
\l__coffin_scaled_total_height_dim=\dimen163
\l__coffin_scaled_width_dim=\dimen164
L3 Module: l3luatex 2016/12/28 v6805 L3 Experimental LuaTeX-specific functions
) (/usr/local/texlive/2016/texmf-dist/tex/latex/l3kernel/l3xdvipdfmx.def
File: l3xdvidpfmx.def 2016/12/28 v6805 L3 Experimental driver: xdvipdfmx
\l__driver_tmp_box=\box68
)) (/usr/local/texlive/2016/texmf-dist/tex/latex/l3packages/xparse/xparse.sty
Package: xparse 2017/02/10 v6878 L3 Experimental document command parser
\l__xparse_current_arg_int=\count135
\g__xparse_grabber_int=\count136
\l__xparse_m_args_int=\count137
\l__xparse_mandatory_args_int=\count138
\l__xparse_v_nesting_int=\count139
)
Package: fontspec 2017/02/12 v2.6 Font selection for XeLaTeX and LuaLaTeX
(/usr/local/texlive/2016/texmf-dist/tex/latex/fontspec/fontspec-xetex.sty
Package: fontspec-xetex 2017/02/12 v2.6 Font selection for XeLaTeX and LuaLaTeX

\l__fontspec_script_int=\count140
\l__fontspec_language_int=\count141
\l__fontspec_strnum_int=\count142
\l__fontspec_tmp_int=\count143
\l__fontspec_em_int=\count144
\l__fontspec_emdef_int=\count145
\l__fontspec_strong_int=\count146
\l__fontspec_strongdef_int=\count147
\l__fontspec_tmpa_dim=\dimen165
\l__fontspec_tmpb_dim=\dimen166
\l__fontspec_tmpc_dim=\dimen167
\g__file_internal_ior=\read1
(/usr/local/texlive/2016/texmf-dist/tex/latex/base/fontenc.sty
Package: fontenc 2017/01/24 v2.0c Standard LaTeX package
(/usr/local/texlive/2016/texmf-dist/tex/latex/base/tuenc.def
File: tuenc.def 2017/01/24 v2.0c Standard LaTeX file
LaTeX Font Info:    Redeclaring font encoding TU on input line 67.
))
.................................................
. LaTeX info: "xparse/define-command"
. 
. Defining command \fontspec with sig. 'O{}mO{}' on line 475.
.................................................
.................................................
. LaTeX info: "xparse/define-command"
. 
. Defining command \setmainfont with sig. 'O{}mO{}' on line 491.
.................................................
.................................................
. LaTeX info: "xparse/define-command"
. 
. Defining command \setsansfont with sig. 'O{}mO{}' on line 507.
.................................................
.................................................
. LaTeX info: "xparse/define-command"
. 
. Defining command \setmonofont with sig. 'O{}mO{}' on line 523.
.................................................
.................................................
. LaTeX info: "xparse/define-command"
. 
. Defining command \setmathrm with sig. 'O{}mO{}' on line 528.
.................................................
.................................................
. LaTeX info: "xparse/define-command"
. 
. Defining command \setboldmathrm with sig. 'O{}mO{}' on line 533.
.................................................
.................................................
. LaTeX info: "xparse/define-command"
. 
. Defining command \setmathsf with sig. 'O{}mO{}' on line 538.
.................................................
.................................................
. LaTeX info: "xparse/define-command"
. 
. Defining command \setmathtt with sig. 'O{}mO{}' on line 543.
.................................................
.................................................
. LaTeX info: "xparse/define-command"
. 
. Defining command \newfontfamily with sig. 'mO{}mO{}' on line 563.
.................................................
.................................................
. LaTeX info: "xparse/define-command"
. 
. Defining command \newfontface with sig. 'mO{}mO{}' on line 567.
.................................................
.................................................
. LaTeX info: "xparse/define-command"
. 
. Defining command \defaultfontfeatures with sig. 't+om' on line 574.
.................................................
.................................................
. LaTeX info: "xparse/define-command"
. 
. Defining command \addfontfeatures with sig. 'm' on line 623.
.................................................
.................................................
. LaTeX info: "xparse/define-command"
. 
. Defining command \newfontfeature with sig. 'mm' on line 634.
.................................................
.................................................
. LaTeX info: "xparse/define-command"
. 
. Defining command \newAATfeature with sig. 'mmmm' on line 642.
.................................................
.................................................
. LaTeX info: "xparse/define-command"
. 
. Defining command \newopentypefeature with sig. 'mmm' on line 652.
.................................................
.................................................
. LaTeX info: "xparse/define-command"
. 
. Defining command \aliasfontfeature with sig. 'mm' on line 675.
.................................................
.................................................
. LaTeX info: "xparse/define-command"
. 
. Defining command \aliasfontfeatureoption with sig. 'mmm' on line 692.
.................................................
.................................................
. LaTeX info: "xparse/define-command"
. 
. Defining command \newfontscript with sig. 'mm' on line 696.
.................................................
.................................................
. LaTeX info: "xparse/define-command"
. 
. Defining command \newfontlanguage with sig. 'mm' on line 700.
.................................................
.................................................
. LaTeX info: "xparse/define-command"
. 
. Defining command \DeclareFontsExtensions with sig. 'm' on line 705.
.................................................
.................................................
. LaTeX info: "xparse/define-command"
. 
. Defining command \IfFontFeatureActiveTF with sig. 'mmm' on line 711.
.................................................
.................................................
. LaTeX info: "xparse/define-command"
. 
. Defining command \EncodingCommand with sig. 'mO{}m' on line 3338.
.................................................
.................................................
. LaTeX info: "xparse/define-command"
. 
. Defining command \EncodingAccent with sig. 'mm' on line 3344.
.................................................
.................................................
. LaTeX info: "xparse/define-command"
. 
. Defining command \EncodingSymbol with sig. 'mm' on line 3350.
.................................................
.................................................
. LaTeX info: "xparse/define-command"
. 
. Defining command \EncodingComposite with sig. 'mmm' on line 3356.
.................................................
.................................................
. LaTeX info: "xparse/define-command"
. 
. Defining command \EncodingCompositeCommand with sig. 'mmm' on line 3362.
.................................................
.................................................
. LaTeX info: "xparse/define-command"
. 
. Defining command \DeclareUnicodeEncoding with sig. 'mm' on line 3387.
.................................................
.................................................
. LaTeX info: "xparse/define-command"
. 
. Defining command \UndeclareSymbol with sig. 'm' on line 3393.
.................................................
.................................................
. LaTeX info: "xparse/define-command"
. 
. Defining command \UndeclareComposite with sig. 'mm' on line 3401.
.................................................
(/usr/local/texlive/2016/texmf-dist/tex/latex/fontspec/fontspec.cfg)
LaTeX Info: Redefining \itshape on input line 3586.
LaTeX Info: Redefining \slshape on input line 3591.
LaTeX Info: Redefining \scshape on input line 3596.
LaTeX Info: Redefining \upshape on input line 3601.
LaTeX Info: Redefining \em on input line 3631.
LaTeX Info: Redefining \emph on input line 3656.
LaTeX Info: Redefining \- on input line 3707.
.................................................
. LaTeX info: "xparse/redefine-command"
. 
. Redefining command \oldstylenums with sig. 'm' on line 3802.
.................................................
.................................................
. LaTeX info: "xparse/define-command"
. 
. Defining command \liningnums with sig. 'm' on line 3806.
.................................................
)) (/usr/local/texlive/2016/texmf-dist/tex/latex/xkeyval/xkeyval.sty
Package: xkeyval 2014/12/03 v2.7a package option processing (HA)
(/usr/local/texlive/2016/texmf-dist/tex/generic/xkeyval/xkeyval.tex (/usr/local
/texlive/2016/texmf-dist/tex/generic/xkeyval/xkvutils.tex
\XKV@toks=\toks20
\XKV@tempa@toks=\toks21
(/usr/local/texlive/2016/texmf-dist/tex/generic/xkeyval/keyval.tex))
\XKV@depth=\count148
File: xkeyval.tex 2014/12/03 v2.7a key=value parser (HA)
))
\c@eu@=\count149
\c@eu@i=\count150
\c@mkern=\count151
)
.................................................
. fontspec info: "set-scale"
. 
. Source Code Pro scale = 0.8979163656330376.
.................................................
\g__fontspec_family_SourceCodePro_int=\count152
.................................................
. fontspec info: "no-font-shape"
. 
. Could not resolve font "Source Code Pro/I" (it probably doesn't exist).
.................................................
.................................................
. fontspec info: "set-scale"
. 
. Source Code Pro scale = 0.8979163656330376.
.................................................
.................................................
. fontspec info: "set-scale"
. 
. Source Code Pro/B scale = 0.8979163656330376.
.................................................
.................................................
. fontspec info: "set-scale"
. 
. Source Code Pro/BI scale = 0.8979163656330376.
.................................................
.................................................
. fontspec info: "defining-font"
. 
. Font family 'SourceCodePro(0)' created for font 'Source Code Pro' with
. options
. [Ligatures=TeX,Scale=MatchLowercase,WordSpace={1,0,0},PunctuationSpace=WordSp
ace,Mapping=tex-ansi,Scale=0.7].
.  
.  This font family consists of the following NFSS series/shapes:
.  
. - 'normal' (m/n) with NFSS spec.: <->s*[0.7]"Source Code
. Pro/OT:script=latn;language=DFLT;mapping=tex-ansi;"
. - 'small caps'  (m/sc) with NFSS spec.: 
. and font adjustment code:
. \fontdimen 2\font =1\fontdimen 2\font \fontdimen 3\font =0\fontdimen 3\font
. \fontdimen 4\font =0\fontdimen 4\font \fontdimen 7\font =0\fontdimen 2\font 
. - 'bold' (bx/n) with NFSS spec.: <->s*[0.7]"Source Code
. Pro/B/OT:script=latn;language=DFLT;mapping=tex-ansi;"
. - 'bold small caps'  (bx/sc) with NFSS spec.: 
. and font adjustment code:
. \fontdimen 2\font =1\fontdimen 2\font \fontdimen 3\font =0\fontdimen 3\font
. \fontdimen 4\font =0\fontdimen 4\font \fontdimen 7\font =0\fontdimen 2\font 
. - 'bold italic' (bx/it) with NFSS spec.: <->s*[0.7]"Source Code
. Pro/BI/OT:script=latn;language=DFLT;mapping=tex-ansi;"
. - 'bold italic small caps'  (bx/itsc) with NFSS spec.: 
. and font adjustment code:
. \fontdimen 2\font =1\fontdimen 2\font \fontdimen 3\font =0\fontdimen 3\font
. \fontdimen 4\font =0\fontdimen 4\font \fontdimen 7\font =0\fontdimen 2\font 
.................................................
LaTeX Info: Redefining \ttfamily on input line 16.
(/usr/local/texlive/2016/texmf-dist/tex/latex/upquote/upquote.sty
Package: upquote 2012/04/19 v1.3 upright-quote and grave-accent glyphs in verba
tim
(/usr/local/texlive/2016/texmf-dist/tex/latex/base/textcomp.sty
Package: textcomp 2017/01/24 v2.0c Standard LaTeX package
Package textcomp Info: Sub-encoding information:
(textcomp)               5 = only ISO-Adobe without \textcurrency
(textcomp)               4 = 5 + \texteuro
(textcomp)               3 = 4 + \textohm
(textcomp)               2 = 3 + \textestimated + \textcurrency
(textcomp)               1 = TS1 - \textcircled - \t
(textcomp)               0 = TS1 (full)
(textcomp)             Font families with sub-encoding setting implement
(textcomp)             only a restricted character set as indicated.
(textcomp)             Family '?' is the default used for unknown fonts.
(textcomp)             See the documentation for details.
Package textcomp Info: Setting ? sub-encoding to TS1/1 on input line 79.
(/usr/local/texlive/2016/texmf-dist/tex/latex/base/ts1enc.def
File: ts1enc.def 2001/06/05 v3.0e (jk/car/fm) Standard LaTeX file
)
LaTeX Info: Redefining \oldstylenums on input line 334.
Package textcomp Info: Setting cmr sub-encoding to TS1/0 on input line 349.
Package textcomp Info: Setting cmss sub-encoding to TS1/0 on input line 350.
Package textcomp Info: Setting cmtt sub-encoding to TS1/0 on input line 351.
Package textcomp Info: Setting cmvtt sub-encoding to TS1/0 on input line 352.
Package textcomp Info: Setting cmbr sub-encoding to TS1/0 on input line 353.
Package textcomp Info: Setting cmtl sub-encoding to TS1/0 on input line 354.
Package textcomp Info: Setting ccr sub-encoding to TS1/0 on input line 355.
Package textcomp Info: Setting ptm sub-encoding to TS1/4 on input line 356.
Package textcomp Info: Setting pcr sub-encoding to TS1/4 on input line 357.
Package textcomp Info: Setting phv sub-encoding to TS1/4 on input line 358.
Package textcomp Info: Setting ppl sub-encoding to TS1/3 on input line 359.
Package textcomp Info: Setting pag sub-encoding to TS1/4 on input line 360.
Package textcomp Info: Setting pbk sub-encoding to TS1/4 on input line 361.
Package textcomp Info: Setting pnc sub-encoding to TS1/4 on input line 362.
Package textcomp Info: Setting pzc sub-encoding to TS1/4 on input line 363.
Package textcomp Info: Setting bch sub-encoding to TS1/4 on input line 364.
Package textcomp Info: Setting put sub-encoding to TS1/5 on input line 365.
Package textcomp Info: Setting uag sub-encoding to TS1/5 on input line 366.
Package textcomp Info: Setting ugq sub-encoding to TS1/5 on input line 367.
Package textcomp Info: Setting ul8 sub-encoding to TS1/4 on input line 368.
Package textcomp Info: Setting ul9 sub-encoding to TS1/4 on input line 369.
Package textcomp Info: Setting augie sub-encoding to TS1/5 on input line 370.
Package textcomp Info: Setting dayrom sub-encoding to TS1/3 on input line 371.
Package textcomp Info: Setting dayroms sub-encoding to TS1/3 on input line 372.

Package textcomp Info: Setting pxr sub-encoding to TS1/0 on input line 373.
Package textcomp Info: Setting pxss sub-encoding to TS1/0 on input line 374.
Package textcomp Info: Setting pxtt sub-encoding to TS1/0 on input line 375.
Package textcomp Info: Setting txr sub-encoding to TS1/0 on input line 376.
Package textcomp Info: Setting txss sub-encoding to TS1/0 on input line 377.
Package textcomp Info: Setting txtt sub-encoding to TS1/0 on input line 378.
Package textcomp Info: Setting lmr sub-encoding to TS1/0 on input line 379.
Package textcomp Info: Setting lmdh sub-encoding to TS1/0 on input line 380.
Package textcomp Info: Setting lmss sub-encoding to TS1/0 on input line 381.
Package textcomp Info: Setting lmssq sub-encoding to TS1/0 on input line 382.
Package textcomp Info: Setting lmvtt sub-encoding to TS1/0 on input line 383.
Package textcomp Info: Setting lmtt sub-encoding to TS1/0 on input line 384.
Package textcomp Info: Setting qhv sub-encoding to TS1/0 on input line 385.
Package textcomp Info: Setting qag sub-encoding to TS1/0 on input line 386.
Package textcomp Info: Setting qbk sub-encoding to TS1/0 on input line 387.
Package textcomp Info: Setting qcr sub-encoding to TS1/0 on input line 388.
Package textcomp Info: Setting qcs sub-encoding to TS1/0 on input line 389.
Package textcomp Info: Setting qpl sub-encoding to TS1/0 on input line 390.
Package textcomp Info: Setting qtm sub-encoding to TS1/0 on input line 391.
Package textcomp Info: Setting qzc sub-encoding to TS1/0 on input line 392.
Package textcomp Info: Setting qhvc sub-encoding to TS1/0 on input line 393.
Package textcomp Info: Setting futs sub-encoding to TS1/4 on input line 394.
Package textcomp Info: Setting futx sub-encoding to TS1/4 on input line 395.
Package textcomp Info: Setting futj sub-encoding to TS1/4 on input line 396.
Package textcomp Info: Setting hlh sub-encoding to TS1/3 on input line 397.
Package textcomp Info: Setting hls sub-encoding to TS1/3 on input line 398.
Package textcomp Info: Setting hlst sub-encoding to TS1/3 on input line 399.
Package textcomp Info: Setting hlct sub-encoding to TS1/5 on input line 400.
Package textcomp Info: Setting hlx sub-encoding to TS1/5 on input line 401.
Package textcomp Info: Setting hlce sub-encoding to TS1/5 on input line 402.
Package textcomp Info: Setting hlcn sub-encoding to TS1/5 on input line 403.
Package textcomp Info: Setting hlcw sub-encoding to TS1/5 on input line 404.
Package textcomp Info: Setting hlcf sub-encoding to TS1/5 on input line 405.
Package textcomp Info: Setting pplx sub-encoding to TS1/3 on input line 406.
Package textcomp Info: Setting pplj sub-encoding to TS1/3 on input line 407.
Package textcomp Info: Setting ptmx sub-encoding to TS1/4 on input line 408.
Package textcomp Info: Setting ptmj sub-encoding to TS1/4 on input line 409.
)) (/usr/local/texlive/2016/texmf-dist/tex/latex/microtype/microtype.sty
Package: microtype 2016/05/14 v2.6a Micro-typographical refinements (RS)
\MT@toks=\toks22
\MT@count=\count153
LaTeX Info: Redefining \textls on input line 774.
\MT@outer@kern=\dimen168
LaTeX Info: Redefining \textmicrotypecontext on input line 1310.
\MT@listname@count=\count154
(/usr/local/texlive/2016/texmf-dist/tex/latex/microtype/microtype-xetex.def
File: microtype-xetex.def 2016/05/14 v2.6a Definitions specific to xetex (RS)
LaTeX Info: Redefining \lsstyle on input line 255.
)
Package microtype Info: Loading configuration file microtype.cfg.
(/usr/local/texlive/2016/texmf-dist/tex/latex/microtype/microtype.cfg
File: microtype.cfg 2016/05/14 v2.6a microtype main configuration file (RS)
)) (/usr/local/texlive/2016/texmf-dist/tex/latex/hyperref/hyperref.sty
Package: hyperref 2016/06/24 v6.83q Hypertext links for LaTeX
(/usr/local/texlive/2016/texmf-dist/tex/generic/oberdiek/hobsub-hyperref.sty
Package: hobsub-hyperref 2016/05/16 v1.14 Bundle oberdiek, subset hyperref (HO)

(/usr/local/texlive/2016/texmf-dist/tex/generic/oberdiek/hobsub-generic.sty
Package: hobsub-generic 2016/05/16 v1.14 Bundle oberdiek, subset generic (HO)
Package: hobsub 2016/05/16 v1.14 Construct package bundles (HO)
Package: infwarerr 2016/05/16 v1.4 Providing info/warning/error messages (HO)
Package: ltxcmds 2016/05/16 v1.23 LaTeX kernel commands for general use (HO)
Package hobsub Info: Skipping package `ifluatex' (already loaded).
Package: ifvtex 2016/05/16 v1.6 Detect VTeX and its facilities (HO)
Package ifvtex Info: VTeX not detected.
Package: intcalc 2016/05/16 v1.2 Expandable calculations with integers (HO)
Package: ifpdf 2016/05/14 v3.1 Provides the ifpdf switch
Package: etexcmds 2016/05/16 v1.6 Avoid name clashes with e-TeX commands (HO)
Package etexcmds Info: Could not find \expanded.
(etexcmds)             That can mean that you are not using pdfTeX 1.50 or
(etexcmds)             that some package has redefined \expanded.
(etexcmds)             In the latter case, load this package earlier.
Package: kvsetkeys 2016/05/16 v1.17 Key value parser (HO)
Package: kvdefinekeys 2016/05/16 v1.4 Define keys (HO)
Package: pdftexcmds 2016/05/21 v0.22 Utility functions of pdfTeX for LuaTeX (HO
)
Package pdftexcmds Info: LuaTeX not detected.
Package pdftexcmds Info: pdfTeX >= 1.30 not detected.
Package pdftexcmds Info: \pdf@primitive is available.
Package pdftexcmds Info: \pdf@ifprimitive is available.
Package pdftexcmds Info: \pdfdraftmode not found.
Package: pdfescape 2016/05/16 v1.14 Implements pdfTeX's escape features (HO)
Package: bigintcalc 2016/05/16 v1.4 Expandable calculations on big integers (HO
)
Package: bitset 2016/05/16 v1.2 Handle bit-vector datatype (HO)
Package: uniquecounter 2016/05/16 v1.3 Provide unlimited unique counter (HO)
)
Package hobsub Info: Skipping package `hobsub' (already loaded).
Package: letltxmacro 2016/05/16 v1.5 Let assignment for LaTeX macros (HO)
Package: hopatch 2016/05/16 v1.3 Wrapper for package hooks (HO)
Package: xcolor-patch 2016/05/16 xcolor patch
Package: atveryend 2016/05/16 v1.9 Hooks at the very end of document (HO)
Package: atbegshi 2016/06/09 v1.18 At begin shipout hook (HO)
Package: refcount 2016/05/16 v3.5 Data extraction from label references (HO)
Package: hycolor 2016/05/16 v1.8 Color options for hyperref/bookmark (HO)
) (/usr/local/texlive/2016/texmf-dist/tex/latex/oberdiek/auxhook.sty
Package: auxhook 2016/05/16 v1.4 Hooks for auxiliary files (HO)
) (/usr/local/texlive/2016/texmf-dist/tex/latex/oberdiek/kvoptions.sty
Package: kvoptions 2016/05/16 v3.12 Key value format for package options (HO)
)
\@linkdim=\dimen169
\Hy@linkcounter=\count155
\Hy@pagecounter=\count156
(/usr/local/texlive/2016/texmf-dist/tex/latex/hyperref/pd1enc.def
File: pd1enc.def 2016/06/24 v6.83q Hyperref: PDFDocEncoding definition (HO)
)
\Hy@SavedSpaceFactor=\count157
(/usr/local/texlive/2016/texmf-dist/tex/latex/latexconfig/hyperref.cfg
File: hyperref.cfg 2002/06/06 v1.2 hyperref configuration of TeXLive
)
Package hyperref Info: Option `unicode' set `true' on input line 4362.
(/usr/local/texlive/2016/texmf-dist/tex/latex/hyperref/puenc.def
File: puenc.def 2016/06/24 v6.83q Hyperref: PDF Unicode definition (HO)
)
Package hyperref Info: Hyper figures OFF on input line 4486.
Package hyperref Info: Link nesting OFF on input line 4491.
Package hyperref Info: Hyper index ON on input line 4494.
Package hyperref Info: Plain pages OFF on input line 4501.
Package hyperref Info: Backreferencing OFF on input line 4506.
Package hyperref Info: Implicit mode ON; LaTeX internals redefined.
Package hyperref Info: Bookmarks ON on input line 4735.
\c@Hy@tempcnt=\count158
(/usr/local/texlive/2016/texmf-dist/tex/latex/url/url.sty
\Urlmuskip=\muskip17
Package: url 2013/09/16  ver 3.4  Verb mode for urls, etc.
)
LaTeX Info: Redefining \url on input line 5088.
\XeTeXLinkMargin=\dimen170
\Fld@menulength=\count159
\Field@Width=\dimen171
\Fld@charsize=\dimen172
Package hyperref Info: Hyper figures OFF on input line 6342.
Package hyperref Info: Link nesting OFF on input line 6347.
Package hyperref Info: Hyper index ON on input line 6350.
Package hyperref Info: backreferencing OFF on input line 6357.
Package hyperref Info: Link coloring OFF on input line 6362.
Package hyperref Info: Link coloring with OCG OFF on input line 6367.
Package hyperref Info: PDF/A mode OFF on input line 6372.
LaTeX Info: Redefining \ref on input line 6412.
LaTeX Info: Redefining \pageref on input line 6416.
\Hy@abspage=\count160
\c@Item=\count161
\c@Hfootnote=\count162
)

Package hyperref Message: Driver (autodetected): hxetex.

(/usr/local/texlive/2016/texmf-dist/tex/latex/hyperref/hxetex.def
File: hxetex.def 2016/06/24 v6.83q Hyperref driver for XeTeX
(/usr/local/texlive/2016/texmf-dist/tex/generic/oberdiek/stringenc.sty
Package: stringenc 2016/05/16 v1.11 Convert strings between diff. encodings (HO
)
)
\pdfm@box=\box69
\c@Hy@AnnotLevel=\count163
\HyField@AnnotCount=\count164
\Fld@listcount=\count165
\c@bookmark@seq@number=\count166
(/usr/local/texlive/2016/texmf-dist/tex/latex/oberdiek/rerunfilecheck.sty
Package: rerunfilecheck 2016/05/16 v1.8 Rerun checks for auxiliary files (HO)
Package rerunfilecheck Info: Feature \pdfmdfivesum is not available
(rerunfilecheck)             (e.g. pdfTeX or LuaTeX with package `pdftexcmds').

(rerunfilecheck)             Therefore file contents cannot be checked efficien
tly
(rerunfilecheck)             and the loading of the package is aborted.
)
\Hy@SectionHShift=\skip80
)
Package hyperref Info: Option `colorlinks' set `true' on input line 35.
Package hyperref Info: Option `breaklinks' set `true' on input line 35.
(/usr/local/texlive/2016/texmf-dist/tex/latex/natbib/natbib.sty
Package: natbib 2010/09/13 8.31b (PWD, AO)
\bibhang=\skip81
\bibsep=\skip82
LaTeX Info: Redefining \cite on input line 694.
\c@NAT@ctr=\count167
) (/usr/local/texlive/2016/texmf-dist/tex/latex/graphics/color.sty
Package: color 2016/07/10 v1.1e Standard LaTeX Color (DPC)
(/usr/local/texlive/2016/texmf-dist/tex/latex/graphics-cfg/color.cfg
File: color.cfg 2016/01/02 v1.6 sample color configuration
)
Package color Info: Driver file: xetex.def on input line 147.
(/usr/local/texlive/2016/texmf-dist/tex/latex/graphics-def/xetex.def
File: xetex.def 2016/07/11 v4.10 LaTeX color/graphics driver for XeTeX (L3/RRM/
JK)
) (/usr/local/texlive/2016/texmf-dist/tex/latex/graphics/dvipsnam.def
File: dvipsnam.def 2016/06/17 v3.0m Driver-dependent file (DPC,SPQR)
)) (/usr/local/texlive/2016/texmf-dist/tex/latex/fancyvrb/fancyvrb.sty
Package: fancyvrb 2008/02/07

Style option: `fancyvrb' v2.7a, with DG/SPQR fixes, and firstline=lastline fix 
<2008/02/07> (tvz)
\FV@CodeLineNo=\count168
\FV@InFile=\read2
\FV@TabBox=\box70
\c@FancyVerbLine=\count169
\FV@StepNumber=\count170
\FV@OutFile=\write3
) (/usr/local/texlive/2016/texmf-dist/tex/latex/framed/framed.sty
Package: framed 2011/10/22 v 0.96: framed or shaded text with page breaks
\OuterFrameSep=\skip83
\fb@frw=\dimen173
\fb@frh=\dimen174
\FrameRule=\dimen175
\FrameSep=\dimen176
) (/usr/local/texlive/2016/texmf-dist/tex/latex/tools/longtable.sty
Package: longtable 2014/10/28 v4.11 Multi-page Table package (DPC)
\LTleft=\skip84
\LTright=\skip85
\LTpre=\skip86
\LTpost=\skip87
\LTchunksize=\count171
\LTcapwidth=\dimen177
\LT@head=\box71
\LT@firsthead=\box72
\LT@foot=\box73
\LT@lastfoot=\box74
\LT@cols=\count172
\LT@rows=\count173
\c@LT@tables=\count174
\c@LT@chunks=\count175
\LT@p@ftn=\toks23
) (/usr/local/texlive/2016/texmf-dist/tex/latex/booktabs/booktabs.sty
Package: booktabs 2016/04/27 v1.618033 publication quality tables
\heavyrulewidth=\dimen178
\lightrulewidth=\dimen179
\cmidrulewidth=\dimen180
\belowrulesep=\dimen181
\belowbottomsep=\dimen182
\aboverulesep=\dimen183
\abovetopsep=\dimen184
\cmidrulesep=\dimen185
\cmidrulekern=\dimen186
\defaultaddspace=\dimen187
\@cmidla=\count176
\@cmidlb=\count177
\@aboverulesep=\dimen188
\@belowrulesep=\dimen189
\@thisruleclass=\count178
\@lastruleclass=\count179
\@thisrulewidth=\dimen190
) (/usr/local/texlive/2016/texmf-dist/tex/latex/mdwtools/footnote.sty
Package: footnote 1997/01/28 1.13 Save footnotes around boxes
\fn@notes=\box75
\fn@width=\dimen191
) (/usr/local/texlive/2016/texmf-dist/tex/latex/graphics/graphicx.sty
Package: graphicx 2014/10/28 v1.0g Enhanced LaTeX Graphics (DPC,SPQR)
(/usr/local/texlive/2016/texmf-dist/tex/latex/graphics/graphics.sty
Package: graphics 2016/10/09 v1.0u Standard LaTeX Graphics (DPC,SPQR)
(/usr/local/texlive/2016/texmf-dist/tex/latex/graphics/trig.sty
Package: trig 2016/01/03 v1.10 sin cos tan (DPC)
) (/usr/local/texlive/2016/texmf-dist/tex/latex/graphics-cfg/graphics.cfg
File: graphics.cfg 2016/06/04 v1.11 sample graphics configuration
)
Package graphics Info: Driver file: xetex.def on input line 99.
)
\Gin@req@height=\dimen192
\Gin@req@width=\dimen193
) (/usr/local/texlive/2016/texmf-dist/tex/latex/oberdiek/grffile.sty
Package: grffile 2016/05/16 v1.17 Extended file name support for graphics (HO)
Package grffile Info: \Gread@QTm patched on input line 253.
Package grffile Info: \Gread@eps patched on input line 303.
Package grffile Info: Option `multidot' is set to `true'.
Package grffile Info: Option `extendedchars' is set to `false'.
Package grffile Info: Option `space' is set to `true'.
Package grffile Info: \Gin@ii of package `graphicx' fixed on input line 486.
) (/usr/local/texlive/2016/texmf-dist/tex/latex/parskip/parskip.sty
Package: parskip 2001/04/09 non-zero parskip adjustments
) (/usr/local/texlive/2016/texmf-dist/tex/latex/caption/caption.sty
Package: caption 2016/02/21 v3.3-144 Customizing captions (AR)
(/usr/local/texlive/2016/texmf-dist/tex/latex/caption/caption3.sty
Package: caption3 2016/05/22 v1.7-166 caption3 kernel (AR)
Package caption3 Info: TeX engine: e-TeX on input line 67.
\captionmargin=\dimen194
\captionmargin@=\dimen195
\captionwidth=\dimen196
\caption@tempdima=\dimen197
\caption@indent=\dimen198
\caption@parindent=\dimen199
\caption@hangindent=\dimen256
Package caption Info: Unknown document class (or package),
(caption)             standard defaults will be used.
)

Package caption Warning: Unsupported document class (or package) detected,
(caption)                usage of the caption package is not recommended.
See the caption package documentation for explanation.

Package caption Info: \@makecaption = \long macro:#1#2->\vskip \abovecaptionski
p \sbox \@tempboxa {#1: #2}\ifdim \wd \@tempboxa >\hsize {\FigCapFont #1} #2\pa
r \else \global \@minipagefalse {\FigCapFont #1} #2\par \fi \vskip \belowcaptio
nskip .
\c@ContinuedFloat=\count180
Package caption Info: hyperref package is loaded.
Package caption Info: longtable package is loaded.
(/usr/local/texlive/2016/texmf-dist/tex/latex/caption/ltcaption.sty
Package: ltcaption 2013/06/09 v1.4-94 longtable captions (AR)
)) (/usr/local/texlive/2016/texmf-dist/tex/latex/cjk-ko/kotex.sty
Package: kotex 2015/04/19 v1.6 Korean TeX (ko.TeX)
(/usr/local/texlive/2016/texmf-dist/tex/latex/kotex-utf/kotex.cfg) (/usr/local/
texlive/2016/texmf-dist/tex/xetex/xetexko/xetexko.sty
Package: xetexko 2017/02/06 v2.16 Typesetting Korean with XeTeX
(/usr/local/texlive/2016/texmf-dist/tex/xetex/xetexko/xetexko-space.sty
Package: xetexko-space 2017/02/06 v2.16 Spacings and fonts for XeTeX-ko
\XeTeXcharclassID=\XeTeXcharclass1
\XeTeXcharclassOP=\XeTeXcharclass2
\XeTeXcharclassCL=\XeTeXcharclass3

(/usr/local/texlive/2016/texmf-dist/tex/generic/unicode-data/load-unicode-xetex
-classes.tex 
load-unicode-xetex-classes.tex v1.5 (2016-06-22)
Reading Unicode east Asian character class data
# LineBreak-9.0.0.txt 
# Date: 2016-05-26, 01:00:00 GMT [KW, LI] 
# EastAsianWidth-9.0.0.txt 
# Date: 2016-05-27, 17:00:00 GMT [KW, LI] 
)
\XKsmallkana=\XeTeXcharclass4
\XKcjkcolon=\XeTeXcharclass5
\XKcjkfullstop=\XeTeXcharclass6
\XKcjkliaison=\XeTeXcharclass7
\XKcjkextrastop=\XeTeXcharclass8
\XKcjksymbol=\XeTeXcharclass9
\XKhangulsyllable=\XeTeXcharclass10
\XKhanguljungjong=\XeTeXcharclass11
\XKlatinopening=\XeTeXcharclass12
\XKlatinclosing=\XeTeXcharclass13
\XKopeningquote=\XeTeXcharclass14
\XKclosingquote=\XeTeXcharclass15
\XKlatinfullstop=\XeTeXcharclass16
\XKlatinquestion=\XeTeXcharclass17
\XKlatinexclamation=\XeTeXcharclass18
\XKlatinhyphen=\XeTeXcharclass19
\XKlatincomma=\XeTeXcharclass20
\XKlatincolon=\XeTeXcharclass21
\XKlatinnumber=\XeTeXcharclass22
\XKhanjacombining=\XeTeXcharclass23
\XKdotemphbox=\box76
) (/usr/local/texlive/2016/texmf-dist/tex/xetex/xetexko/xetexko-josa.sty
Package: xetexko-josa 2017/02/06 v2.16 Auto-josa for XeTeX-ko
\@josa=\count181
) (/usr/local/texlive/2016/texmf-dist/tex/xetex/xetexko/xetexko-font.sty
Package: xetexko-font 2017/02/06 v2.16 LaTeX Font commands for XeTeX-ko
.................................................
. LaTeX info: "xparse/define-command"
. 
. Defining command \setmainhangulfont with sig. 'O{}mO{}' on line 144.
.................................................
.................................................
. LaTeX info: "xparse/define-command"
. 
. Defining command \setsanshangulfont with sig. 'O{}mO{}' on line 152.
.................................................
.................................................
. LaTeX info: "xparse/define-command"
. 
. Defining command \setmonohangulfont with sig. 'O{}mO{}' on line 158.
.................................................
.................................................
. LaTeX info: "xparse/define-command"
. 
. Defining command \setmainhanjafont with sig. 'O{}mO{}' on line 166.
.................................................
.................................................
. LaTeX info: "xparse/define-command"
. 
. Defining command \setsanshanjafont with sig. 'O{}mO{}' on line 174.
.................................................
.................................................
. LaTeX info: "xparse/define-command"
. 
. Defining command \setmonohanjafont with sig. 'O{}mO{}' on line 180.
.................................................
.................................................
. LaTeX info: "xparse/define-command"
. 
. Defining command \adhochangulfont with sig. 'O{}mO{}' on line 195.
.................................................
.................................................
. LaTeX info: "xparse/define-command"
. 
. Defining command \adhochanjafont with sig. 'O{}mO{}' on line 210.
.................................................
.................................................
. LaTeX info: "xparse/define-command"
. 
. Defining command \newhangulfontfamily with sig. 'mO{}mO{}' on line 230.
.................................................
.................................................
. LaTeX info: "xparse/define-command"
. 
. Defining command \newhanjafontfamily with sig. 'mO{}mO{}' on line 248.
.................................................
.................................................
. LaTeX info: "xparse/define-command"
. 
. Defining command \newhangulfontface with sig. 'mO{}mO{}' on line 266.
.................................................
.................................................
. LaTeX info: "xparse/define-command"
. 
. Defining command \newhanjafontface with sig. 'mO{}mO{}' on line 284.
.................................................
.................................................
. LaTeX info: "xparse/define-command"
. 
. Defining command \addhangulfontfeature with sig. 'm' on line 305.
.................................................
.................................................
. LaTeX info: "xparse/define-command"
. 
. Defining command \addhanjafontfeature with sig. 'm' on line 326.
.................................................
.................................................
. LaTeX info: "xparse/define-command"
. 
. Defining command \defaulthangulfontfeatures with sig. 't+om' on line 345.
.................................................
.................................................
. LaTeX info: "xparse/define-command"
. 
. Defining command \defaulthanjafontfeatures with sig. 't+om' on line 357.
.................................................
.................................................
. LaTeX info: "xparse/define-command"
. 
. Defining command \setmathhangulfont with sig. 'O{}mO{}' on line 362.
.................................................
.................................................
. LaTeX info: "xparse/define-command"
. 
. Defining command \xetexkofontregime with sig. 'O{}mO{}' on line 380.
.................................................
.................................................
. LaTeX info: "xparse/redefine-command"
. 
. Redefining command \setmainfont with sig. 'O{}mO{}' on line 398.
.................................................
.................................................
. LaTeX info: "xparse/redefine-command"
. 
. Redefining command \setsansfont with sig. 'O{}mO{}' on line 415.
.................................................
.................................................
. LaTeX info: "xparse/redefine-command"
. 
. Redefining command \setmonofont with sig. 'O{}mO{}' on line 432.
.................................................
) (/usr/local/texlive/2016/texmf-dist/tex/xetex/xetexko/xetexko-vertical.sty
Package: xetexko-vertical 2017/02/06 v2.16 Vertical environment for XeTeX-ko
\verticalem=\dimen257
) (/usr/local/texlive/2016/texmf-dist/tex/latex/cjk-ko/kolabels-utf.sty
Package: kolabels-utf 2015/03/20 v1.5 UTF-8 Hangul item labels
)))
.................................................
. fontspec info: "no-scripts"
. 
. Font "Alegreya" does not contain any OpenType `Script' information.
.................................................
.................................................
. fontspec info: "set-scale"
. 
. Alegreya scale = 0.9204603694212794.
.................................................
\g__fontspec_family_Alegreya_int=\count182
.................................................
. fontspec info: "set-scale"
. 
. Alegreya scale = 0.9204603694212794.
.................................................
.................................................
. fontspec info: "set-scale"
. 
. AlegreyaSC-Regular scale = 0.8416658540021021.
.................................................
.................................................
. fontspec info: "set-scale"
. 
. Alegreya/B scale = 0.9012841673507631.
.................................................
.................................................
. fontspec info: "set-scale"
. 
. Alegreya/I scale = 0.9069510162500765.
.................................................
.................................................
. fontspec info: "set-scale"
. 
. Alegreya/BI scale = 0.888327877289037.
.................................................
.................................................
. fontspec info: "defining-font"
. 
. Font family 'Alegreya(0)' created for font 'Alegreya' with options
. [Ligatures=TeX,Scale=MatchLowercase,Ligatures=TeX,UprightFeatures={SmallCapsF
ont=AlegreyaSC-Regular}].
.  
.  This font family consists of the following NFSS series/shapes:
.  
. - 'normal' (m/n) with NFSS spec.:
. <->s*[0.9204603694212794]"Alegreya/AAT:mapping=tex-text;"
. - 'small caps'  (m/sc) with NFSS spec.:
. <->s*[0.8416658540021021]"AlegreyaSC-Regular/AAT:mapping=tex-text;"
. - 'bold' (bx/n) with NFSS spec.:
. <->s*[0.9012841673507631]"Alegreya/B/AAT:mapping=tex-text;"
. - 'bold small caps'  (bx/sc) with NFSS spec.: 
. - 'italic' (m/it) with NFSS spec.:
. <->s*[0.9069510162500765]"Alegreya/I/AAT:mapping=tex-text;"
. - 'italic small caps'  (m/itsc) with NFSS spec.: 
. - 'bold italic' (bx/it) with NFSS spec.:
. <->s*[0.888327877289037]"Alegreya/BI/AAT:mapping=tex-text;"
. - 'bold italic small caps'  (bx/itsc) with NFSS spec.: 
.................................................
LaTeX Info: Redefining \rmfamily on input line 122.
LaTeX Font Info:    Font shape `TU/Alegreya(0)/m/n' will be
(Font)              scaled to size 10.12502pt on input line 122.
Package color Info: Redefining color shadecolor on input line 125.
(/usr/local/texlive/2016/texmf-dist/tex/latex/base/makeidx.sty
Package: makeidx 2014/09/29 v1.0m Standard LaTeX package
)
\@indexfile=\write4
\openout4 = `Rprogramming.idx'.

Writing index file Rprogramming.idx
(/usr/local/texlive/2016/texmf-dist/tex/latex/amscls/amsthm.sty
Package: amsthm 2015/03/04 v2.20.2
\thm@style=\toks24
\thm@bodyfont=\toks25
\thm@headfont=\toks26
\thm@notefont=\toks27
\thm@headpunct=\toks28
\thm@preskip=\skip88
\thm@postskip=\skip89
\thm@headsep=\skip90
\dth@everypar=\toks29
)
\c@theorem=\count183
\c@lemma=\count184
\c@definition=\count185
\c@corollary=\count186
\c@proposition=\count187
\c@example=\count188
(./Rprogramming.aux)
\openout1 = `Rprogramming.aux'.

LaTeX Font Info:    Checking defaults for OML/cmm/m/it on input line 234.
LaTeX Font Info:    ... okay on input line 234.
LaTeX Font Info:    Checking defaults for T1/cmr/m/n on input line 234.
LaTeX Font Info:    ... okay on input line 234.
LaTeX Font Info:    Checking defaults for OT1/cmr/m/n on input line 234.
LaTeX Font Info:    ... okay on input line 234.
LaTeX Font Info:    Checking defaults for OMS/cmsy/m/n on input line 234.
LaTeX Font Info:    ... okay on input line 234.
LaTeX Font Info:    Checking defaults for TU/lmr/m/n on input line 234.
LaTeX Font Info:    ... okay on input line 234.
LaTeX Font Info:    Checking defaults for OMX/cmex/m/n on input line 234.
LaTeX Font Info:    ... okay on input line 234.
LaTeX Font Info:    Checking defaults for U/cmr/m/n on input line 234.
LaTeX Font Info:    ... okay on input line 234.
LaTeX Font Info:    Checking defaults for TS1/cmr/m/n on input line 234.
LaTeX Font Info:    Try loading font information for TS1+cmr on input line 234.

(/usr/local/texlive/2016/texmf-dist/tex/latex/base/ts1cmr.fd
File: ts1cmr.fd 2014/09/29 v2.5h Standard LaTeX font definitions
)
LaTeX Font Info:    ... okay on input line 234.
LaTeX Font Info:    Checking defaults for PD1/pdf/m/n on input line 234.
LaTeX Font Info:    ... okay on input line 234.
LaTeX Font Info:    Checking defaults for PU/pdf/m/n on input line 234.
LaTeX Font Info:    ... okay on input line 234.
LaTeX Font Info:    Font shape `TU/Alegreya(0)/m/n' will be
(Font)              scaled to size 5.52274pt on input line 234.
LaTeX Info: Redefining \microtypecontext on input line 234.
Package microtype Info: Character protrusion enabled (level 2).
Package microtype Info: Using protrusion set `basicmath'.
Package microtype Info: No adjustment of tracking.
Package microtype Info: No adjustment of spacing.
Package microtype Info: No adjustment of kerning.
Package microtype Info: Loading generic settings for font family
(microtype)             `Alegreya' (encoding: TU).
(microtype)             For optimal results, create family-specific settings.
(microtype)             See the microtype manual for details.
\AtBeginShipoutBox=\box77
Package hyperref Info: Link coloring ON on input line 234.
(/usr/local/texlive/2016/texmf-dist/tex/latex/hyperref/nameref.sty
Package: nameref 2016/05/21 v2.44 Cross-referencing by name of section
(/usr/local/texlive/2016/texmf-dist/tex/generic/oberdiek/gettitlestring.sty
Package: gettitlestring 2016/05/16 v1.5 Cleanup title references (HO)
)
\c@section@level=\count189
)
LaTeX Info: Redefining \ref on input line 234.
LaTeX Info: Redefining \pageref on input line 234.
LaTeX Info: Redefining \nameref on input line 234.
\@outlinefile=\write5
\openout5 = `Rprogramming.out'.


Package hyperref Warning: Rerun to get /PageLabels entry.

Package caption Info: Begin \AtBeginDocument code.
Package caption Info: End \AtBeginDocument code.
.................................................
. fontspec info: "no-scripts"
. 
. Font "NanumMyeongjo" does not contain any OpenType `Script' information.
.................................................
.................................................
. fontspec info: "set-scale"
. 
. NanumMyeongjo scale = 0.9194631865530302.
.................................................
\g__fontspec_family_NanumMyeongjo_int=\count190
.................................................
. fontspec info: "no-font-shape"
. 
. Could not resolve font "NanumMyeongjoExtraBold/I" (it probably doesn't
. exist).
.................................................
.................................................
. fontspec info: "no-font-shape"
. 
. Could not resolve font "NanumMyeongjo/I" (it probably doesn't exist).
.................................................
.................................................
. fontspec info: "set-scale"
. 
. NanumMyeongjo scale = 0.9194631865530302.
.................................................
.................................................
. fontspec info: "set-scale"
. 
. NanumMyeongjoExtraBold scale = 0.908111789188178.
.................................................
.................................................
. fontspec info: "set-scale"
. 
. NanumMyeongjo/BI scale = 0.908111789188178.
.................................................
.................................................
. fontspec info: "defining-font"
. 
. Font family 'NanumMyeongjo(0)' created for font 'NanumMyeongjo' with options
. [Ligatures=TeX,Scale=MatchLowercase,Ligatures=TeX,Renderer={OpenType},BoldFon
t={*ExtraBold}].
.  
.  This font family consists of the following NFSS series/shapes:
.  
. - 'normal' (m/n) with NFSS spec.:
. <->s*[0.9194631865530302]"NanumMyeongjo/OT:mapping=tex-text;"
. - 'small caps'  (m/sc) with NFSS spec.: 
. - 'bold' (bx/n) with NFSS spec.:
. <->s*[0.908111789188178]"NanumMyeongjoExtraBold/OT:mapping=tex-text;"
. - 'bold small caps'  (bx/sc) with NFSS spec.: 
. - 'bold italic' (bx/it) with NFSS spec.:
. <->s*[0.908111789188178]"NanumMyeongjo/BI/OT:mapping=tex-text;"
. - 'bold italic small caps'  (bx/itsc) with NFSS spec.: 
.................................................
LaTeX Font Info:    Font shape `TU/NanumMyeongjo(0)/m/n' will be
(Font)              scaled to size 10.1141pt on input line 234.
.................................................
. fontspec info: "no-scripts"
. 
. Font "NanumGothic" does not contain any OpenType `Script' information.
.................................................
.................................................
. fontspec info: "set-scale"
. 
. NanumGothic scale = 0.8619967373934658.
.................................................
\g__fontspec_family_NanumGothic_int=\count191
.................................................
. fontspec info: "no-font-shape"
. 
. Could not resolve font "NanumGothic/I" (it probably doesn't exist).
.................................................
.................................................
. fontspec info: "set-scale"
. 
. NanumGothic scale = 0.8619967373934658.
.................................................
.................................................
. fontspec info: "set-scale"
. 
. NanumGothic/B scale = 0.8619967373934658.
.................................................
.................................................
. fontspec info: "set-scale"
. 
. NanumGothic/BI scale = 0.8619967373934658.
.................................................
.................................................
. fontspec info: "defining-font"
. 
. Font family 'NanumGothic(0)' created for font 'NanumGothic' with options
. [Ligatures=TeX,Scale=MatchLowercase,Ligatures=TeX,Renderer={OpenType}].
.  
.  This font family consists of the following NFSS series/shapes:
.  
. - 'normal' (m/n) with NFSS spec.:
. <->s*[0.8619967373934658]"NanumGothic/OT:mapping=tex-text;"
. - 'small caps'  (m/sc) with NFSS spec.: 
. - 'bold' (bx/n) with NFSS spec.:
. <->s*[0.8619967373934658]"NanumGothic/B/OT:mapping=tex-text;"
. - 'bold small caps'  (bx/sc) with NFSS spec.: 
. - 'bold italic' (bx/it) with NFSS spec.:
. <->s*[0.8619967373934658]"NanumGothic/BI/OT:mapping=tex-text;"
. - 'bold italic small caps'  (bx/itsc) with NFSS spec.: 
.................................................
Package microtype Info: Loading generic settings for font family
(microtype)             `lmss' (encoding: TU).
(microtype)             For optimal results, create family-specific settings.
(microtype)             See the microtype manual for details.
.................................................
. fontspec info: "no-scripts"
. 
. Font "NanumGothic" does not contain any OpenType `Script' information.
.................................................
.................................................
. fontspec info: "set-scale"
. 
. NanumGothic scale = 0.8619967373934658.
.................................................
LaTeX Font Info:    Font shape `TU/NanumGothic(0)/m/n' will be
(Font)              scaled to size 9.482pt on input line 234.
\symmathhangul=\mathgroup6
LaTeX Font Info:    Overwriting symbol font `mathhangul' in version `bold'
(Font)                  TU/NanumMyeongjo(0)/m/n --> TU/NanumMyeongjo(0)/bx/n on
 input line 234.
LaTeX Font Info:    Font shape `TU/Alegreya(0)/m/it' will be
(Font)              scaled to size 9.06952pt on input line 236.
LaTeX Font Info:    Font shape `TU/Alegreya(0)/m/n' will be
(Font)              scaled to size 7.36365pt on input line 236.
LaTeX Font Info:    Font shape `TU/Alegreya(0)/m/sl' in size <24> not available

(Font)              Font shape `TU/Alegreya(0)/m/it' tried instead on input lin
e 236.
LaTeX Font Info:    Font shape `TU/Alegreya(0)/m/it' will be
(Font)              scaled to size 21.76685pt on input line 236.
LaTeX Font Info:    Font shape `TU/Alegreya(0)/bx/sl' in size <24> not availabl
e
(Font)              Font shape `TU/Alegreya(0)/bx/it' tried instead on input li
ne 236.
LaTeX Font Info:    Font shape `TU/Alegreya(0)/bx/it' will be
(Font)              scaled to size 21.3197pt on input line 236.

Underfull \vbox (badness 10000) has occurred while \output is active []


Overfull \hbox (336.25pt too wide) has occurred while \output is active
[]
 []


Underfull \vbox (badness 10000) has occurred while \output is active []


Overfull \hbox (336.25pt too wide) has occurred while \output is active
[]
 []


Underfull \vbox (badness 10000) has occurred while \output is active []


Overfull \hbox (336.25pt too wide) has occurred while \output is active
[]
 []


Underfull \vbox (badness 10000) has occurred while \output is active []


Overfull \hbox (336.25pt too wide) has occurred while \output is active
[]
 []


Underfull \hbox (badness 10000) has occurred while \output is active
 [][][][] 
 []

[1



]
File: images/cover.pdf Graphic file (type QTm)
<use  "images/cover.pdf" >
Underfull \vbox (badness 10000) has occurred while \output is active []


Overfull \hbox (336.25pt too wide) has occurred while \output is active
[]
 []


Underfull \vbox (badness 10000) has occurred while \output is active []


Overfull \hbox (336.25pt too wide) has occurred while \output is active
[]
 []


Underfull \vbox (badness 10000) has occurred while \output is active []


Overfull \hbox (336.25pt too wide) has occurred while \output is active
[]
 []


Underfull \vbox (badness 10000) has occurred while \output is active []


Overfull \hbox (336.25pt too wide) has occurred while \output is active
[]
 []


Underfull \hbox (badness 10000) has occurred while \output is active
 [][][][] 
 []

[2]
Underfull \vbox (badness 10000) detected at line 251
 []


Overfull \hbox (336.25pt too wide) detected at line 251
[]
 []


Underfull \vbox (badness 10000) detected at line 251
 []


Overfull \hbox (336.25pt too wide) detected at line 251
[]
 []


Underfull \vbox (badness 10000) detected at line 251
 []


Overfull \hbox (336.25pt too wide) detected at line 251
[]
 []


Underfull \vbox (badness 10000) detected at line 251
 []


Overfull \hbox (336.25pt too wide) detected at line 251
[]
 []


Underfull \hbox (badness 10000) detected at line 251
[]
 []

LaTeX Font Info:    Font shape `TU/Alegreya(0)/m/sl' in size <18> not available

(Font)              Font shape `TU/Alegreya(0)/m/it' tried instead on input lin
e 251.
LaTeX Font Info:    Font shape `TU/Alegreya(0)/m/it' will be
(Font)              scaled to size 16.32513pt on input line 251.
LaTeX Font Info:    Font shape `TU/Alegreya(0)/bx/sl' in size <18> not availabl
e
(Font)              Font shape `TU/Alegreya(0)/bx/it' tried instead on input li
ne 251.
LaTeX Font Info:    Font shape `TU/Alegreya(0)/bx/it' will be
(Font)              scaled to size 15.98978pt on input line 251.
\tf@toc=\write6
\openout6 = `Rprogramming.toc'.


Underfull \hbox (badness 10000) has occurred while \output is active
 [][][][] 
 []

LaTeX Font Info:    Font shape `TU/Alegreya(0)/m/n' will be
(Font)              scaled to size 9.20456pt on input line 253.
[3

]
Underfull \vbox (badness 10000) has occurred while \output is active []


Overfull \hbox (336.25pt too wide) has occurred while \output is active
[]
 []


Underfull \vbox (badness 10000) has occurred while \output is active []


Overfull \hbox (336.25pt too wide) has occurred while \output is active
[]
 []


Underfull \vbox (badness 10000) has occurred while \output is active []


Overfull \hbox (336.25pt too wide) has occurred while \output is active
[]
 []


Underfull \vbox (badness 10000) has occurred while \output is active []


Overfull \hbox (336.25pt too wide) has occurred while \output is active
[]
 []


Underfull \hbox (badness 10000) has occurred while \output is active
 [][][][] 
 []

[4

]
Underfull \vbox (badness 10000) detected at line 253
 []


Overfull \hbox (336.25pt too wide) detected at line 253
[]
 []


Underfull \vbox (badness 10000) detected at line 253
 []


Overfull \hbox (336.25pt too wide) detected at line 253
[]
 []


Underfull \vbox (badness 10000) detected at line 253
 []


Overfull \hbox (336.25pt too wide) detected at line 253
[]
 []


Underfull \vbox (badness 10000) detected at line 253
 []


Overfull \hbox (336.25pt too wide) detected at line 253
[]
 []


Underfull \hbox (badness 10000) detected at line 253
[]
 []


Package hyperref Warning: bookmark level for unknown fm defaults to 0.

\tf@lot=\write7
\openout7 = `Rprogramming.lot'.


Underfull \hbox (badness 10000) has occurred while \output is active
 [][][][] 
 []

[5

]
Underfull \vbox (badness 10000) has occurred while \output is active []


Overfull \hbox (336.25pt too wide) has occurred while \output is active
[]
 []


Underfull \vbox (badness 10000) has occurred while \output is active []


Overfull \hbox (336.25pt too wide) has occurred while \output is active
[]
 []


Underfull \vbox (badness 10000) has occurred while \output is active []


Overfull \hbox (336.25pt too wide) has occurred while \output is active
[]
 []


Underfull \vbox (badness 10000) has occurred while \output is active []


Overfull \hbox (336.25pt too wide) has occurred while \output is active
[]
 []


Underfull \hbox (badness 10000) has occurred while \output is active
 [][][][] 
 []

[6

]
Underfull \vbox (badness 10000) detected at line 254
 []


Overfull \hbox (336.25pt too wide) detected at line 254
[]
 []


Underfull \vbox (badness 10000) detected at line 254
 []


Overfull \hbox (336.25pt too wide) detected at line 254
[]
 []


Underfull \vbox (badness 10000) detected at line 254
 []


Overfull \hbox (336.25pt too wide) detected at line 254
[]
 []


Underfull \vbox (badness 10000) detected at line 254
 []


Overfull \hbox (336.25pt too wide) detected at line 254
[]
 []


Underfull \hbox (badness 10000) detected at line 254
[]
 []

\tf@lof=\write8
\openout8 = `Rprogramming.lof'.


Underfull \hbox (badness 10000) has occurred while \output is active
 [][][][] 
 []

[7

]
Underfull \vbox (badness 10000) has occurred while \output is active []


Overfull \hbox (336.25pt too wide) has occurred while \output is active
[]
 []


Underfull \vbox (badness 10000) has occurred while \output is active []


Overfull \hbox (336.25pt too wide) has occurred while \output is active
[]
 []


Underfull \vbox (badness 10000) has occurred while \output is active []


Overfull \hbox (336.25pt too wide) has occurred while \output is active
[]
 []


Underfull \vbox (badness 10000) has occurred while \output is active []


Overfull \hbox (336.25pt too wide) has occurred while \output is active
[]
 []


Underfull \hbox (badness 10000) has occurred while \output is active
 [][][][] 
 []

[8

]
Underfull \vbox (badness 10000) detected at line 255
 []


Overfull \hbox (336.25pt too wide) detected at line 255
[]
 []


Underfull \vbox (badness 10000) detected at line 255
 []


Overfull \hbox (336.25pt too wide) detected at line 255
[]
 []


Underfull \vbox (badness 10000) detected at line 255
 []


Overfull \hbox (336.25pt too wide) detected at line 255
[]
 []


Underfull \vbox (badness 10000) detected at line 255
 []


Overfull \hbox (336.25pt too wide) detected at line 255
[]
 []


Underfull \hbox (badness 10000) detected at line 255
[]
 []

LaTeX Font Info:    Font shape `TU/SourceCodePro(0)/m/n' will be
(Font)              scaled to size 7.69997pt on input line 260.
Font mapping `tex-ansi.tec' for font `Source Code Pro' not found.
LaTeX Font Info:    Calculating math sizes for size <11> on input line 263.
LaTeX Font Info:    Try loading font information for OT1+lmr on input line 263.

(/usr/local/texlive/2016/texmf-dist/tex/latex/lm/ot1lmr.fd
File: ot1lmr.fd 2009/10/30 v1.6 Font defs for Latin Modern
)
(/usr/local/texlive/2016/texmf-dist/tex/latex/microtype/mt-LatinModernRoman.cfg
File: mt-LatinModernRoman.cfg 2013/03/13 v1.0 microtype config. file: Latin Mod
ern Roman (RS)
)
LaTeX Font Info:    Try loading font information for OML+lmm on input line 263.

(/usr/local/texlive/2016/texmf-dist/tex/latex/lm/omllmm.fd
File: omllmm.fd 2009/10/30 v1.6 Font defs for Latin Modern
)
LaTeX Font Info:    Try loading font information for OMS+lmsy on input line 263
.
(/usr/local/texlive/2016/texmf-dist/tex/latex/lm/omslmsy.fd
File: omslmsy.fd 2009/10/30 v1.6 Font defs for Latin Modern
)
LaTeX Font Info:    Try loading font information for OMX+lmex on input line 263
.
(/usr/local/texlive/2016/texmf-dist/tex/latex/lm/omxlmex.fd
File: omxlmex.fd 2009/10/30 v1.6 Font defs for Latin Modern
)
LaTeX Font Info:    External font `lmex10' loaded for size
(Font)              <11> on input line 263.
LaTeX Font Info:    External font `lmex10' loaded for size
(Font)              <7.69997> on input line 263.
LaTeX Font Info:    External font `lmex10' loaded for size
(Font)              <5.5> on input line 263.
LaTeX Font Info:    Try loading font information for U+msa on input line 263.
(/usr/local/texlive/2016/texmf-dist/tex/latex/amsfonts/umsa.fd
File: umsa.fd 2013/01/14 v3.01 AMS symbols A
) (/usr/local/texlive/2016/texmf-dist/tex/latex/microtype/mt-msa.cfg
File: mt-msa.cfg 2006/02/04 v1.1 microtype config. file: AMS symbols (a) (RS)
)
LaTeX Font Info:    Try loading font information for U+msb on input line 263.
(/usr/local/texlive/2016/texmf-dist/tex/latex/amsfonts/umsb.fd
File: umsb.fd 2013/01/14 v3.01 AMS symbols B
) (/usr/local/texlive/2016/texmf-dist/tex/latex/microtype/mt-msb.cfg
File: mt-msb.cfg 2005/06/01 v1.0 microtype config. file: AMS symbols (b) (RS)
)
LaTeX Font Info:    Font shape `TU/NanumMyeongjo(0)/m/n' will be
(Font)              scaled to size 7.07983pt on input line 263.
LaTeX Font Info:    Font shape `TU/NanumMyeongjo(0)/m/n' will be
(Font)              scaled to size 5.05705pt on input line 263.
LaTeX Font Info:    Font shape `TU/Alegreya(0)/m/n' will be
(Font)              scaled to size 7.08748pt on input line 269.
LaTeX Font Info:    Font shape `TU/Alegreya(0)/m/n' will be
(Font)              scaled to size 8.2841pt on input line 269.
LaTeX Font Info:    External font `lmex10' loaded for size
(Font)              <9> on input line 269.
LaTeX Font Info:    External font `lmex10' loaded for size
(Font)              <6> on input line 269.
LaTeX Font Info:    External font `lmex10' loaded for size
(Font)              <5> on input line 269.
LaTeX Font Info:    Font shape `TU/NanumMyeongjo(0)/m/n' will be
(Font)              scaled to size 8.27518pt on input line 269.
LaTeX Font Info:    Font shape `TU/NanumMyeongjo(0)/m/n' will be
(Font)              scaled to size 5.51678pt on input line 269.
LaTeX Font Info:    Font shape `TU/NanumMyeongjo(0)/m/n' will be
(Font)              scaled to size 4.59732pt on input line 269.
LaTeX Font Info:    Font shape `TU/SourceCodePro(0)/m/n' will be
(Font)              scaled to size 6.29997pt on input line 269.
Font mapping `tex-ansi.tec' for font `Source Code Pro' not found.

Underfull \hbox (badness 10000) in paragraph at lines 269--269
[][][][][]$[][][][][] [] [] [] [][][][][][] [] [][][][][][] [] [][][] [] [] [] 
[][][] [] [][] [] [][][][][] [] [] [] [][][][][][] [] [][][][][][][][][][][][][
] [] [] [] [][][] [] [][][][] [] [] [] [] []
 []

Missing character: There is no  in font Source Code Pro/OT:script=latn;languag
e=DFLT;mapping=tex-ansi;!
Missing character: There is no  in font Source Code Pro/OT:script=latn;languag
e=DFLT;mapping=tex-ansi;!

Underfull \hbox (badness 4726) in paragraph at lines 298--301
[]\TU/Alegreya(0)/m/n/11 The online version of this book is licensed under the 
Creative Commons
 []

File: images/by-nc-sa.png Graphic file (type QTm)
<use  "images/by-nc-sa.png" >
LaTeX Font Info:    Font shape `TU/Alegreya(0)/bx/n' will be
(Font)              scaled to size 9.9142pt on input line 305.

Underfull \hbox (badness 10000) has occurred while \output is active
 [][][][] 
 []

[9

]
LaTeX Font Info:    Font shape `TU/Alegreya(0)/bx/n' will be
(Font)              scaled to size 10.81549pt on input line 308.
LaTeX Font Info:    Font shape `TU/NanumMyeongjo(0)/bx/n' will be
(Font)              scaled to size 9.98923pt on input line 324.

Package natbib Warning: Citation `R-bookdown' on page x undefined on input line
 327.

[10]
LaTeX Font Info:    Font shape `TU/NanumMyeongjo(0)/m/n' will be
(Font)              scaled to size 9.19464pt on input line 347.

Overfull \hbox (27.61368pt too wide) in paragraph at lines 349--349
|  
 []


Overfull \hbox (27.61368pt too wide) in paragraph at lines 353--353
|  
 []


Overfull \hbox (27.61368pt too wide) in paragraph at lines 370--370
|  
 []

[11]
Overfull \hbox (27.61368pt too wide) in paragraph at lines 376--376
|  
 []


Overfull \hbox (27.61368pt too wide) in paragraph at lines 383--383
|  
 []


Overfull \hbox (27.61368pt too wide) in paragraph at lines 393--393
|  
 []

[12]
Overfull \hbox (27.61368pt too wide) in paragraph at lines 414--414
|  
 []


Overfull \hbox (27.61368pt too wide) in paragraph at lines 425--425
|  
 []


Overfull \hbox (27.61368pt too wide) in paragraph at lines 442--442
|  
 []

[13]
Underfull \vbox (badness 10000) has occurred while \output is active []


Overfull \hbox (336.25pt too wide) has occurred while \output is active
[]
 []


Underfull \vbox (badness 10000) has occurred while \output is active []


Overfull \hbox (336.25pt too wide) has occurred while \output is active
[]
 []


Underfull \vbox (badness 10000) has occurred while \output is active []


Overfull \hbox (336.25pt too wide) has occurred while \output is active
[]
 []


Underfull \vbox (badness 10000) has occurred while \output is active []


Overfull \hbox (336.25pt too wide) has occurred while \output is active
[]
 []


Underfull \hbox (badness 10000) has occurred while \output is active
 [][][][] 
 []

[14

]
Underfull \vbox (badness 10000) detected at line 450
 []


Overfull \hbox (336.25pt too wide) detected at line 450
[]
 []


Underfull \vbox (badness 10000) detected at line 450
 []


Overfull \hbox (336.25pt too wide) detected at line 450
[]
 []


Underfull \vbox (badness 10000) detected at line 450
 []


Overfull \hbox (336.25pt too wide) detected at line 450
[]
 []


Underfull \vbox (badness 10000) detected at line 450
 []


Overfull \hbox (336.25pt too wide) detected at line 450
[]
 []

Chapter 1.
LaTeX Font Info:    Font shape `TU/Alegreya(0)/bx/n' will be
(Font)              scaled to size 21.63098pt on input line 450.
LaTeX Font Info:    Font shape `TU/Alegreya(0)/m/n' will be
(Font)              scaled to size 22.09094pt on input line 450.

Overfull \hbox (27.61368pt too wide) in paragraph at lines 454--454
|  
 []

LaTeX Font Info:    Font shape `TU/NanumMyeongjo(0)/bx/n' will be
(Font)              scaled to size 10.89734pt on input line 468.

Underfull \hbox (badness 10000) has occurred while \output is active
 [][][][] 
 []

[1


]
LaTeX Font Info:    Font shape `TU/SourceCodePro(0)/bx/n' will be
(Font)              scaled to size 7.69997pt on input line 497.
Font mapping `tex-ansi.tec' for font `Source Code Pro Bold' not found.
LaTeX Font Info:    Try loading font information for TS1+SourceCodePro(0) on in
put line 525.
LaTeX Font Info:    No file TS1SourceCodePro(0).fd. on input line 525.

LaTeX Font Warning: Font shape `TS1/SourceCodePro(0)/m/n' undefined
(Font)              using `TS1/cmr/m/n' instead
(Font)              for symbol `textquotesingle' on input line 525.

(/usr/local/texlive/2016/texmf-dist/tex/latex/microtype/mt-cmr.cfg
File: mt-cmr.cfg 2013/05/19 v2.2 microtype config. file: Computer Modern Roman 
(RS)
)
File: Rprogramming_files/figure-latex/unnamed-chunk-3-1.pdf Graphic file (type 
QTm)
<use  "Rprogramming_files/figure-latex/unnamed-chunk-3-1.pdf" > [2]
File: Rprogramming_files/figure-latex/unnamed-chunk-3-2.pdf Graphic file (type 
QTm)
<use  "Rprogramming_files/figure-latex/unnamed-chunk-3-2.pdf" >
File: Rprogramming_files/figure-latex/unnamed-chunk-3-3.pdf Graphic file (type 
QTm)
<use  "Rprogramming_files/figure-latex/unnamed-chunk-3-3.pdf" >

LaTeX Font Warning: Font shape `TU/NanumMyeongjo(0)/m/it' undefined
(Font)              using `TU/NanumMyeongjo(0)/m/n' instead on input line 558.

LaTeX Font Info:    Font shape `TU/NanumMyeongjo(0)/m/it' will be
(Font)              scaled to size 9.19464pt on input line 558.
[3]
File: Rprogramming_files/figure-latex/unnamed-chunk-3-4.pdf Graphic file (type 
QTm)
<use  "Rprogramming_files/figure-latex/unnamed-chunk-3-4.pdf" > [4]
File: Rprogramming_files/figure-latex/unnamed-chunk-3-5.pdf Graphic file (type 
QTm)
<use  "Rprogramming_files/figure-latex/unnamed-chunk-3-5.pdf" >
File: Rprogramming_files/figure-latex/unnamed-chunk-4-1.pdf Graphic file (type 
QTm)
<use  "Rprogramming_files/figure-latex/unnamed-chunk-4-1.pdf" > [5]
File: Rprogramming_files/figure-latex/unnamed-chunk-4-2.pdf Graphic file (type 
QTm)
<use  "Rprogramming_files/figure-latex/unnamed-chunk-4-2.pdf" >
LaTeX Font Info:    Font shape `TU/Alegreya(0)/bx/n' will be
(Font)              scaled to size 9.01291pt on input line 604.
[6]
File: Rprogramming_files/figure-latex/unnamed-chunk-5-1.pdf Graphic file (type 
QTm)
<use  "Rprogramming_files/figure-latex/unnamed-chunk-5-1.pdf" >
File: Rprogramming_files/figure-latex/unnamed-chunk-5-2.pdf Graphic file (type 
QTm)
<use  "Rprogramming_files/figure-latex/unnamed-chunk-5-2.pdf" > [7]
File: Rprogramming_files/figure-latex/unnamed-chunk-5-3.pdf Graphic file (type 
QTm)
<use  "Rprogramming_files/figure-latex/unnamed-chunk-5-3.pdf" > [8]
File: Rprogramming_files/figure-latex/unnamed-chunk-6-1.pdf Graphic file (type 
QTm)
<use  "Rprogramming_files/figure-latex/unnamed-chunk-6-1.pdf" >
File: Rprogramming_files/figure-latex/unnamed-chunk-6-2.pdf Graphic file (type 
QTm)
<use  "Rprogramming_files/figure-latex/unnamed-chunk-6-2.pdf" > [9]
File: Rprogramming_files/figure-latex/unnamed-chunk-6-3.pdf Graphic file (type 
QTm)
<use  "Rprogramming_files/figure-latex/unnamed-chunk-6-3.pdf" >
File: Rprogramming_files/figure-latex/unnamed-chunk-6-4.pdf Graphic file (type 
QTm)
<use  "Rprogramming_files/figure-latex/unnamed-chunk-6-4.pdf" > [10]
File: Rprogramming_files/figure-latex/unnamed-chunk-7-1.pdf Graphic file (type 
QTm)
<use  "Rprogramming_files/figure-latex/unnamed-chunk-7-1.pdf" >
File: Rprogramming_files/figure-latex/unnamed-chunk-8-1.pdf Graphic file (type 
QTm)
<use  "Rprogramming_files/figure-latex/unnamed-chunk-8-1.pdf" > [11]
File: Rprogramming_files/figure-latex/unnamed-chunk-8-2.pdf Graphic file (type 
QTm)
<use  "Rprogramming_files/figure-latex/unnamed-chunk-8-2.pdf" >
File: Rprogramming_files/figure-latex/unnamed-chunk-8-3.pdf Graphic file (type 
QTm)
<use  "Rprogramming_files/figure-latex/unnamed-chunk-8-3.pdf" > [12]
File: Rprogramming_files/figure-latex/unnamed-chunk-8-4.pdf Graphic file (type 
QTm)
<use  "Rprogramming_files/figure-latex/unnamed-chunk-8-4.pdf" >
File: Rprogramming_files/figure-latex/unnamed-chunk-8-5.pdf Graphic file (type 
QTm)
<use  "Rprogramming_files/figure-latex/unnamed-chunk-8-5.pdf" >
File: Rprogramming_files/figure-latex/unnamed-chunk-8-6.pdf Graphic file (type 
QTm)
<use  "Rprogramming_files/figure-latex/unnamed-chunk-8-6.pdf" > [13]
File: Rprogramming_files/figure-latex/unnamed-chunk-8-7.pdf Graphic file (type 
QTm)
<use  "Rprogramming_files/figure-latex/unnamed-chunk-8-7.pdf" >
File: Rprogramming_files/figure-latex/unnamed-chunk-8-8.pdf Graphic file (type 
QTm)
<use  "Rprogramming_files/figure-latex/unnamed-chunk-8-8.pdf" > [14]
File: Rprogramming_files/figure-latex/unnamed-chunk-9-1.pdf Graphic file (type 
QTm)
<use  "Rprogramming_files/figure-latex/unnamed-chunk-9-1.pdf" >
LaTeX Font Info:    Font shape `TU/NanumMyeongjo(0)/bx/n' will be
(Font)              scaled to size 9.08112pt on input line 790.
[15]
File: Rprogramming_files/figure-latex/unnamed-chunk-10-1.pdf Graphic file (type
 QTm)
<use  "Rprogramming_files/figure-latex/unnamed-chunk-10-1.pdf" >
File: Rprogramming_files/figure-latex/unnamed-chunk-10-2.pdf Graphic file (type
 QTm)
<use  "Rprogramming_files/figure-latex/unnamed-chunk-10-2.pdf" > [16]
File: Rprogramming_files/figure-latex/unnamed-chunk-11-1.pdf Graphic file (type
 QTm)
<use  "Rprogramming_files/figure-latex/unnamed-chunk-11-1.pdf" >
File: Rprogramming_files/figure-latex/unnamed-chunk-12-1.pdf Graphic file (type
 QTm)
<use  "Rprogramming_files/figure-latex/unnamed-chunk-12-1.pdf" > [17]
File: Rprogramming_files/figure-latex/unnamed-chunk-12-2.pdf Graphic file (type
 QTm)
<use  "Rprogramming_files/figure-latex/unnamed-chunk-12-2.pdf" > [18]
File: Rprogramming_files/figure-latex/unnamed-chunk-13-1.pdf Graphic file (type
 QTm)
<use  "Rprogramming_files/figure-latex/unnamed-chunk-13-1.pdf" > [19]

LaTeX Font Warning: Font shape `TU/SourceCodePro(0)/m/it' undefined
(Font)              using `TU/SourceCodePro(0)/m/n' instead on input line 887.

File: Rprogramming_files/figure-latex/unnamed-chunk-13-2.pdf Graphic file (type
 QTm)
<use  "Rprogramming_files/figure-latex/unnamed-chunk-13-2.pdf" > [20]
File: Rprogramming_files/figure-latex/unnamed-chunk-14-1.pdf Graphic file (type
 QTm)
<use  "Rprogramming_files/figure-latex/unnamed-chunk-14-1.pdf" > [21]
File: Rprogramming_files/figure-latex/unnamed-chunk-14-2.pdf Graphic file (type
 QTm)
<use  "Rprogramming_files/figure-latex/unnamed-chunk-14-2.pdf" >
LaTeX Font Info:    Font shape `TU/SourceCodePro(0)/m/it' will be
(Font)              scaled to size 7.69997pt on input line 931.
[22] [23]
Underfull \vbox (badness 10000) has occurred while \output is active []


Overfull \hbox (336.25pt too wide) has occurred while \output is active
[]
 []


Underfull \vbox (badness 10000) has occurred while \output is active []


Overfull \hbox (336.25pt too wide) has occurred while \output is active
[]
 []


Underfull \vbox (badness 10000) has occurred while \output is active []


Overfull \hbox (336.25pt too wide) has occurred while \output is active
[]
 []


Underfull \vbox (badness 10000) has occurred while \output is active []


Overfull \hbox (336.25pt too wide) has occurred while \output is active
[]
 []


Underfull \hbox (badness 10000) has occurred while \output is active
 [][][][] 
 []

[24

]
Underfull \vbox (badness 10000) detected at line 968
 []


Overfull \hbox (336.25pt too wide) detected at line 968
[]
 []


Underfull \vbox (badness 10000) detected at line 968
 []


Overfull \hbox (336.25pt too wide) detected at line 968
[]
 []


Underfull \vbox (badness 10000) detected at line 968
 []


Overfull \hbox (336.25pt too wide) detected at line 968
[]
 []


Underfull \vbox (badness 10000) detected at line 968
 []


Overfull \hbox (336.25pt too wide) detected at line 968
[]
 []

Chapter 2.

Overfull \hbox (27.61368pt too wide) in paragraph at lines 972--972
|  
 []


Underfull \hbox (badness 10000) has occurred while \output is active
 [][][][] 
 []

[25

] [26] [27] [28]

Package natbib Warning: Citation `R-lattice' on page 29 undefined on input line
 1138.

File: Rprogramming_files/figure-latex/unnamed-chunk-19-1.pdf Graphic file (type
 QTm)
<use  "Rprogramming_files/figure-latex/unnamed-chunk-19-1.pdf" > [29]
File: Rprogramming_files/figure-latex/unnamed-chunk-19-2.pdf Graphic file (type
 QTm)
<use  "Rprogramming_files/figure-latex/unnamed-chunk-19-2.pdf" >
Underfull \vbox (badness 10000) detected at line 1165
 []

[30]
File: Rprogramming_files/figure-latex/unnamed-chunk-19-3.pdf Graphic file (type
 QTm)
<use  "Rprogramming_files/figure-latex/unnamed-chunk-19-3.pdf" >
File: Rprogramming_files/figure-latex/unnamed-chunk-19-4.pdf Graphic file (type
 QTm)
<use  "Rprogramming_files/figure-latex/unnamed-chunk-19-4.pdf" > [31] [32] [33]
[34] [35] [36] [37] [38] [39] [40]
Underfull \vbox (badness 10000) detected at line 1512
 []


Overfull \hbox (336.25pt too wide) detected at line 1512
[]
 []


Underfull \vbox (badness 10000) detected at line 1512
 []


Overfull \hbox (336.25pt too wide) detected at line 1512
[]
 []


Underfull \vbox (badness 10000) detected at line 1512
 []


Overfull \hbox (336.25pt too wide) detected at line 1512
[]
 []


Underfull \vbox (badness 10000) detected at line 1512
 []


Overfull \hbox (336.25pt too wide) detected at line 1512
[]
 []

Chapter 3.

Overfull \hbox (27.61368pt too wide) in paragraph at lines 1516--1516
|  
 []


Overfull \hbox (7.81758pt too wide) in alignment at lines 1532--1550
 [] [] [] [] 
 []


Underfull \hbox (badness 10000) has occurred while \output is active
 [][][][] 
 []

[41


]
Overfull \hbox (4.76706pt too wide) in alignment at lines 1552--1564
 [] [] [] [] 
 []


Overfull \hbox (157.26286pt too wide) in alignment at lines 1566--1592
 [] [] [] [] 
 []


Overfull \hbox (157.26286pt too wide) in alignment at lines 1592--1616
 [] [] [] [] 
 []


Overfull \hbox (157.26286pt too wide) in alignment at lines 1616--1619
 [] [] [] [] 
 []

[42] [43]
Overfull \hbox (185.55211pt too wide) in alignment at lines 1652--1678
 [] [] [] [] 
 []


Overfull \hbox (181.82611pt too wide) in alignment at lines 1680--1700
 [] [] [] [] 
 []

[44]
Overfull \hbox (95.38882pt too wide) in alignment at lines 1702--1714
 [] [] [] [] 
 []


Overfull \hbox (63.1103pt too wide) in alignment at lines 1734--1746
 [] [] [] [] 
 []

[45]
Overfull \hbox (78.77365pt too wide) in alignment at lines 1750--1768
 [] [] [] [] 
 []


Overfull \hbox (39.21523pt too wide) in alignment at lines 1770--1788
 [] [] [] [] 
 []

[46]
Overfull \hbox (59.64752pt too wide) in alignment at lines 1790--1806
 [] [] [] [] 
 []

[47] [48]
! Undefined control sequence.
<argument> ...al \expandafter \let \cmrsideswitch 
                                                  \@tempa \fi \fi 
l.1885 (q, p, d, r)
                    * (beta, binom, cauchy, chisq, exp, f, gamma, geom, & H ...
 
Here is how much of TeX's memory you used:
 26150 strings out of 493080
 452917 string characters out of 6135780
 535631 words of memory out of 5000000
 29684 multiletter control sequences out of 15000+600000
 29034 words of font info for 97 fonts, out of 8000000 for 9000
 1347 hyphenation exceptions out of 8191
 53i,9n,128p,10410b,2384s stack positions out of 5000i,500n,10000p,200000b,80000s
Output written on Rprogramming.pdf (62 pages).
