\BOOKMARK [0][-]{chapter*.1}{\376\377\000L\000i\000s\000t\000\040\000o\000f\000\040\000T\000a\000b\000l\000e\000s}{}% 1
\BOOKMARK [0][-]{chapter*.2}{\376\377\000L\000i\000s\000t\000\040\000o\000f\000\040\000F\000i\000g\000u\000r\000e\000s}{}% 2
\BOOKMARK [0][-]{chapter*.3}{\376\377\000P\000r\000e\000f\000a\000c\000e}{}% 3
\BOOKMARK [0][-]{chapter.1}{\376\377\000G\000r\000a\000p\000h\000i\000c\000s}{}% 4
\BOOKMARK [1][-]{section.1.1}{\376\377\000I\000n\000t\000r\000o\000d\000u\000c\000t\000i\000o\000n}{chapter.1}% 5
\BOOKMARK [1][-]{section.1.2}{\376\377\300\301\307\004\302\030\311\000\000\040\255\370\271\274\000\040\325\150\302\030}{chapter.1}% 6
\BOOKMARK [2][-]{subsection.1.2.1}{\376\377\300\301\307\004\302\030\311\000\000\040\255\370\271\274\000\040\325\150\302\030\307\130\000\040\310\374\306\224\000\040\307\170\307\220\000\040\000\050\000a\000r\000g\000u\000m\000e\000n\000t\000s\000\051}{section.1.2}% 7
\BOOKMARK [2][-]{subsection.1.2.2}{\376\377\000s\000c\000a\000t\000t\000e\000r\000\040\000p\000l\000o\000t}{section.1.2}% 8
\BOOKMARK [2][-]{subsection.1.2.3}{\376\377\000H\000i\000s\000t\000o\000g\000r\000a\000m}{section.1.2}% 9
\BOOKMARK [2][-]{subsection.1.2.4}{\376\377\000B\000o\000x\000-\000W\000h\000i\000s\000k\000e\000r\000\040\000P\000l\000o\000t}{section.1.2}% 10
\BOOKMARK [2][-]{subsection.1.2.5}{\376\377\000B\000a\000r\000\040\000P\000l\000o\000t}{section.1.2}% 11
\BOOKMARK [2][-]{subsection.1.2.6}{\376\377\000p\000i\000e\000\040\000c\000h\000a\000r\000t}{section.1.2}% 12
\BOOKMARK [2][-]{subsection.1.2.7}{\376\377\000m\000a\000t\000p\000l\000o\000t\000\040\325\150\302\030}{section.1.2}% 13
\BOOKMARK [2][-]{subsection.1.2.8}{\376\377\000S\000c\000a\000t\000t\000e\000r\000\040\000p\000l\000o\000t\000\040\000m\000a\000t\000r\000i\000c\000e\000s\000\040\000\050\000p\000a\000i\000r\000s\000\040\000p\000l\000o\000t\000s\000\051}{section.1.2}% 14
\BOOKMARK [1][-]{section.1.3}{\376\377\325\130\307\004\302\030\311\000\000\040\255\370\271\274\000\040\325\150\302\030}{chapter.1}% 15
\BOOKMARK [2][-]{subsection.1.3.1}{\376\377\310\020\000,\000\040\301\040\000,\000\040\301\044\272\205\000\040\315\224\254\000\000\040\325\130\256\060\000\040\000\173\000a\000d\000d\000\175}{section.1.3}% 16
\BOOKMARK [2][-]{subsection.1.3.2}{\376\377\000p\000o\000l\000y\000g\000o\000n\000\040\325\150\302\030}{section.1.3}% 17
\BOOKMARK [1][-]{section.1.4}{\376\377\255\370\271\274\000\040\315\234\270\045\325\130\256\060}{chapter.1}% 18
\BOOKMARK [2][-]{subsection.1.4.1}{\376\377\000p\000d\000f\000\040\000g\000r\000a\000p\000h\000i\000c\000s\000\040\000d\000e\000v\000i\000c\000e\000s}{section.1.4}% 19
\BOOKMARK [2][-]{subsection.1.4.2}{\376\377\000P\000N\000G\000\040\000g\000r\000a\000p\000h\000i\000c\000s\000\040\000d\000e\000v\000i\000c\000e\000s}{section.1.4}% 20
\BOOKMARK [0][-]{chapter.2}{\376\377\000D\000a\000t\000a\000\040\000I\000m\000p\000o\000r\000t\000\040\000/\000\040\000E\000x\000p\000o\000r\000t}{}% 21
\BOOKMARK [1][-]{section.2.1}{\376\377\000R\000e\000a\000d\000.\000c\000s\000v}{chapter.2}% 22
\BOOKMARK [1][-]{section.2.2}{\376\377\000T\000h\000e\000o\000p\000h\000\040\263\160\307\164\320\300}{chapter.2}% 23
\BOOKMARK [1][-]{section.2.3}{\376\377\000l\000a\000t\000t\000i\000c\000e}{chapter.2}% 24
\BOOKMARK [1][-]{section.2.4}{\376\377\000S\000u\000b\000s\000e\000t\000i\000n\000g\000\040\000a\000n\000d\000\040\000w\000r\000i\000t\000e\000.\000c\000s\000v}{chapter.2}% 25
\BOOKMARK [0][-]{chapter.3}{\376\377\000F\000r\000e\000q\000u\000e\000n\000t\000l\000y\000\040\000U\000s\000e\000d\000\040\000F\000u\000n\000c\000t\000i\000o\000n\000s}{}% 26
\BOOKMARK [1][-]{section.3.1}{\376\377\000T\000h\000e\000\040\000b\000a\000s\000i\000c\000s}{chapter.3}% 27
\BOOKMARK [1][-]{section.3.2}{\376\377\000C\000o\000m\000m\000o\000n\000\040\000d\000a\000t\000a\000\040\000s\000t\000r\000u\000c\000t\000u\000r\000e\000s}{chapter.3}% 28
\BOOKMARK [1][-]{section.3.3}{\376\377\000S\000t\000a\000t\000i\000s\000t\000i\000c\000s}{chapter.3}% 29
